2024-06-08 17:47:12,894 - pika.adapters.utils.connection_workflow - INFO - Pika version 1.3.2 connecting to ('127.0.0.1', 5672)
2024-06-08 17:47:12,895 - pika.adapters.utils.io_services_utils - INFO - Socket connected: <socket.socket fd=10, family=AddressFamily.AF_INET, type=SocketKind.SOCK_STREAM, proto=6, laddr=('127.0.0.1', 42998), raddr=('127.0.0.1', 5672)>
2024-06-08 17:47:12,896 - pika.adapters.utils.connection_workflow - INFO - Streaming transport linked up: (<pika.adapters.utils.io_services_utils._AsyncPlaintextTransport object at 0x74f0688abac0>, _StreamingProtocolShim: <SelectConnection PROTOCOL transport=<pika.adapters.utils.io_services_utils._AsyncPlaintextTransport object at 0x74f0688abac0> params=<ConnectionParameters host=localhost port=5672 virtual_host=/ ssl=False>>).
2024-06-08 17:47:12,900 - pika.adapters.utils.connection_workflow - INFO - AMQPConnector - reporting success: <SelectConnection OPEN transport=<pika.adapters.utils.io_services_utils._AsyncPlaintextTransport object at 0x74f0688abac0> params=<ConnectionParameters host=localhost port=5672 virtual_host=/ ssl=False>>
2024-06-08 17:47:12,900 - pika.adapters.utils.connection_workflow - INFO - AMQPConnectionWorkflow - reporting success: <SelectConnection OPEN transport=<pika.adapters.utils.io_services_utils._AsyncPlaintextTransport object at 0x74f0688abac0> params=<ConnectionParameters host=localhost port=5672 virtual_host=/ ssl=False>>
2024-06-08 17:47:12,900 - pika.adapters.blocking_connection - INFO - Connection workflow succeeded: <SelectConnection OPEN transport=<pika.adapters.utils.io_services_utils._AsyncPlaintextTransport object at 0x74f0688abac0> params=<ConnectionParameters host=localhost port=5672 virtual_host=/ ssl=False>>
2024-06-08 17:47:12,901 - pika.adapters.blocking_connection - INFO - Created channel=1
2024-06-08 17:52:28,920 - __main__ - INFO - >>>Performing mutable call to finalize_session for user address: erd1rxufcd8sn9t2k5cavngu60qeeytkuxymajdarnyq5f8enh850wpq8at8xu...
2024-06-08 17:52:29,128 - __main__ - INFO - >>>Transaction hash: 0d76b2f73f13f0deccdc3acb9ea06134bd82dcc22b84a05a3a97a1fcd023cf09
2024-06-08 17:52:56,535 - __main__ - INFO - >>>Performing immutable query to get_round...
2024-06-08 17:52:56,732 - __main__ - INFO - {'returnData': [''], 'returnCode': 'ok', 'returnMessage': '', 'gasUsed': 18446743773712612551}
2024-06-08 17:52:56,733 - __main__ - INFO - 0
2024-06-08 17:53:15,732 - __main__ - INFO - >>>Performing immutable query to get_stage...
2024-06-08 17:53:15,925 - __main__ - INFO - {'returnData': [''], 'returnCode': 'ok', 'returnMessage': '', 'gasUsed': 18446743773712574650}
2024-06-08 17:53:15,926 - __main__ - INFO - 0
2024-06-08 17:53:27,832 - __main__ - INFO - >>>Performing immutable query to get_stage...
2024-06-08 17:53:29,025 - __main__ - INFO - {'returnData': [''], 'returnCode': 'ok', 'returnMessage': '', 'gasUsed': 18446743773712574650}
2024-06-08 17:53:29,026 - __main__ - INFO - 0
2024-06-08 17:53:36,619 - __main__ - INFO - >>>Performing immutable query to get_round...
2024-06-08 17:53:36,808 - __main__ - INFO - {'returnData': [''], 'returnCode': 'ok', 'returnMessage': '', 'gasUsed': 18446743773712612551}
2024-06-08 17:53:36,809 - __main__ - INFO - 0
2024-06-08 17:54:18,257 - __main__ - INFO - >>>Performing immutable query to get_round...
2024-06-08 17:54:18,425 - __main__ - INFO - {'returnData': [''], 'returnCode': 'ok', 'returnMessage': '', 'gasUsed': 18446743773712612551}
2024-06-08 17:54:18,426 - __main__ - INFO - 0
2024-06-08 17:54:18,427 - __main__ - INFO - >>>Performing immutable query to get_stage...
2024-06-08 17:54:18,640 - __main__ - INFO - {'returnData': [''], 'returnCode': 'ok', 'returnMessage': '', 'gasUsed': 18446743773712574650}
2024-06-08 17:54:18,641 - __main__ - INFO - 0
2024-06-08 17:55:22,638 - __main__ - INFO - >>>Performing mutable call to set_round for user address: erd1rxufcd8sn9t2k5cavngu60qeeytkuxymajdarnyq5f8enh850wpq8at8xu...
2024-06-08 17:55:22,852 - __main__ - INFO - >>>Transaction hash: 4e73f9c19ec49864a63479533f4a59a064ad4974d39d19f42e30998eee90ad05
2024-06-08 17:55:28,376 - __main__ - INFO - >>>Performing immutable query to get_round...
2024-06-08 17:55:28,562 - __main__ - INFO - {'returnData': ['AQ=='], 'returnCode': 'ok', 'returnMessage': '', 'gasUsed': 18446743773712649440}
2024-06-08 17:55:28,562 - __main__ - INFO - 1
2024-06-08 17:55:39,024 - __main__ - INFO - >>>Performing mutable call to set_stage for user address: erd1rxufcd8sn9t2k5cavngu60qeeytkuxymajdarnyq5f8enh850wpq8at8xu...
2024-06-08 17:55:39,427 - __main__ - INFO - >>>Transaction hash: 0277713fbfea832c494ca08420135214ad21ca105eeb567b65c6041233b8935c
2024-06-08 17:55:43,244 - __main__ - INFO - >>>Performing immutable query to get_stage...
2024-06-08 17:55:43,397 - __main__ - INFO - {'returnData': [''], 'returnCode': 'ok', 'returnMessage': '', 'gasUsed': 18446743773712574650}
2024-06-08 17:55:43,398 - __main__ - INFO - 0
2024-06-08 17:55:45,828 - __main__ - INFO - >>>Performing immutable query to get_stage...
2024-06-08 17:55:46,017 - __main__ - INFO - {'returnData': ['Aw=='], 'returnCode': 'ok', 'returnMessage': '', 'gasUsed': 18446743773712615837}
2024-06-08 17:55:46,019 - __main__ - INFO - 3
2024-06-08 17:55:51,743 - __main__ - INFO - >>>Performing mutable call to finalize_session for user address: erd1rxufcd8sn9t2k5cavngu60qeeytkuxymajdarnyq5f8enh850wpq8at8xu...
2024-06-08 17:55:51,933 - __main__ - INFO - >>>Transaction hash: 26496ef8643dad9f1f6f3ba7682fbf1083702e26091b842507e22b78c1e52f7d
2024-06-08 17:55:58,040 - __main__ - INFO - >>>Performing mutable call to finalize_session for user address: erd1rxufcd8sn9t2k5cavngu60qeeytkuxymajdarnyq5f8enh850wpq8at8xu...
2024-06-08 17:55:58,247 - __main__ - INFO - >>>Transaction hash: 61ee0d2d7fc20866b67fcc9029c75f42995a9dad12af0b4d5be6a4096b49f7aa
2024-06-08 17:55:58,249 - __main__ - INFO - >>>Performing immutable query to get_round...
2024-06-08 17:55:58,459 - __main__ - INFO - {'returnData': [''], 'returnCode': 'ok', 'returnMessage': '', 'gasUsed': 18446743773712612551}
2024-06-08 17:55:58,460 - __main__ - INFO - 0
2024-06-08 17:56:11,378 - __main__ - INFO - >>>Performing mutable call to set_stage for user address: erd1rxufcd8sn9t2k5cavngu60qeeytkuxymajdarnyq5f8enh850wpq8at8xu...
2024-06-08 17:56:11,786 - __main__ - INFO - >>>Transaction hash: 07ea7cb2ba54b587d357f22c30e6d5b55f544ea4e6466cd60eebb7d2135c41a7
2024-06-08 17:56:12,294 - __main__ - INFO - >>>Performing mutable call to set_round for user address: erd1rxufcd8sn9t2k5cavngu60qeeytkuxymajdarnyq5f8enh850wpq8at8xu...
2024-06-08 17:56:12,507 - __main__ - INFO - >>>Transaction hash: b330c622e113d0fdca334ba35de17a3f8f7558df6c7ee2b4c788f651699b9b06
2024-06-08 18:04:29,769 - devnet_sc_proxy_trainer - INFO - >>>Performing immutable query to get_all_nodes_per_cluster...
2024-06-08 18:04:29,956 - devnet_sc_proxy_trainer - INFO - {'returnData': ['AHsAAQB5AAIAjAAD'], 'returnCode': 'ok', 'returnMessage': '', 'gasUsed': 18446743773713136558}
2024-06-08 18:04:29,958 - devnet_sc_proxy_trainer - INFO - [{'global_node_index': 123, 'local_node_index': 1}, {'global_node_index': 121, 'local_node_index': 2}, {'global_node_index': 140, 'local_node_index': 3}]
2024-06-08 18:04:29,959 - devnet_sc_proxy_trainer - INFO - >>>Performing immutable query to get_round...
2024-06-08 18:04:30,208 - devnet_sc_proxy_trainer - INFO - {'returnData': ['AQ=='], 'returnCode': 'ok', 'returnMessage': '', 'gasUsed': 18446743773712649440}
2024-06-08 18:04:30,209 - devnet_sc_proxy_trainer - INFO - 1
2024-06-08 18:04:30,210 - devnet_sc_proxy_trainer - INFO - >>>Performing immutable query to get_all_round_files...
2024-06-08 18:04:30,428 - devnet_sc_proxy_trainer - INFO - {'returnData': ['UW1VMWNmMlJWc1d4MVVaNERabjFvOW1od0c1QXd1OVIyWlVGeVJEMzRSUTFqcQIAAAABUW1YdzhIb0dtdFI5ZkZvem9XeDJNNGhuaHdFZWlqRXBnUzlmRW9NSGRCRWFBUgUAAAABUW1VUEdUdm9hako1UGVxSG54c1p4b2pwMlJDdXpod0xBRjdEVmRva2gyNGtyVAIAAAABUW1OWEVnUjdOZ1JyR2RKTHRmVlYxN2N1SmRQcVlDZjNUUlhHa3A4UEVtczFFaAUAAAABUW1UWHVyazNZN1ZLb3VZNjNRVkhUUnVtbWh2c2hHYXUyTWtkakxuTWVtakVDWAIAAAABUW1ZMTVySk5tMWptbVhTNFRCZHFGY3hlcFRQR1d0N3M3cTRjNWl0MVVhU1h1eAUAAAABUW1URW1WelZ3eE1HZTVQUkdKRk5wcUFMZll1VnZvc3ExWVdhUWNZYWdEdEFCbQIAAAABUW1WbVYyU3E4eENNeHR1RzRlN3R4cU5LTndGNEpMUFlzMW1SclZMTWlCMkxpaAUAAAABUW1SOFhuMjZ0ZzNERnFGdnhqQlNMS0Z2TkVoZmtZNGlwUFY1aUZUdVRtakNIbwQAAAAB'], 'returnCode': 'ok', 'returnMessage': '', 'gasUsed': 18446743773717582337}
2024-06-08 18:04:30,429 - devnet_sc_proxy_trainer - INFO - [{'file_location': 'QmU1cf2RVsWx1UZ4DZn1o9mhwG5Awu9R2ZUFyRD34RQ1jq', 'file_type': 2, 'round': 1}, {'file_location': 'QmXw8HoGmtR9fFozoWx2M4hnhwEeijEpgS9fEoMHdBEaAR', 'file_type': 5, 'round': 1}, {'file_location': 'QmUPGTvoajJ5PeqHnxsZxojp2RCuzhwLAF7DVdokh24krT', 'file_type': 2, 'round': 1}, {'file_location': 'QmNXEgR7NgRrGdJLtfVV17cuJdPqYCf3TRXGkp8PEms1Eh', 'file_type': 5, 'round': 1}, {'file_location': 'QmTXurk3Y7VKouY63QVHTRummhvshGau2MkdjLnMemjECX', 'file_type': 2, 'round': 1}, {'file_location': 'QmY15rJNm1jmmXS4TBdqFcxepTPGWt7s7q4c5it1UaSXux', 'file_type': 5, 'round': 1}, {'file_location': 'QmTEmVzVwxMGe5PRGJFNpqALfYuVvosq1YWaQcYagDtABm', 'file_type': 2, 'round': 1}, {'file_location': 'QmVmV2Sq8xCMxtuG4e7txqNKNwF4JLPYs1mRrVLMiB2Lih', 'file_type': 5, 'round': 1}, {'file_location': 'QmR8Xn26tg3DFqFvxjBSLKFvNEhfkY4ipPV5iFTuTmjCHo', 'file_type': 4, 'round': 1}]
2024-06-08 18:04:30,430 - devnet_sc_proxy_trainer - INFO - >>>Performing immutable query to get_file_cluster_node...
2024-06-08 18:04:30,959 - devnet_sc_proxy_trainer - INFO - {'returnData': ['Jw8AFQ=='], 'returnCode': 'ok', 'returnMessage': '', 'gasUsed': 18446743773712684836}
2024-06-08 18:04:30,960 - devnet_sc_proxy_trainer - INFO - {'global_node_index': 9999, 'cluster_index': 21}
2024-06-08 18:04:30,993 - devnet_sc_proxy_trainer - INFO - >>>Performing immutable query to get_training_data...
2024-06-08 18:04:31,438 - devnet_sc_proxy_trainer - INFO - {'returnData': ['UW1TTjNHbTNlQUZ6d3BCd20zaFQyOEFFN3UxeXRpaVR3eFFpSzJVNk5NNzJyNVFtVG5jTkpHU2ljdjNVOFFZRlE5b2VUelNkZEp6emRvbnMyOEUxQzY1dzdiamlRbWRMWHNCb1o1aTJoaVRBRFRETVZNZDhEQXRpTWprNG5TVk02ODI1Z1o2WEUyUW1lWVk1cHY2aHJXUHJBWkw2bmdoTm1mQkJGeGUyaWNFUzVqODdqeTh4NVdDbQAB'], 'returnCode': 'ok', 'returnMessage': '', 'gasUsed': 18446743773714143014}
2024-06-08 18:04:31,439 - devnet_sc_proxy_trainer - INFO - {'cluster_adj_matrix_addr': 'QmSN3Gm3eAFzwpBwm3hT28AE7u1ytiiTwxQiK2U6NM72r5', 'dataset_addr': 'QmTncNJGSicv3U8QYFQ9oeTzSddJzzdons28E1C65w7bji', 'aggr_cluser_model_addr': 'QmdLXsBoZ5i2hiTADTDMVMd8DAtiMjk4nSVM6825gZ6XE2', 'footprind_model_addr': 'QmeYY5pv6hrWPrAZL6nghNmfBBFxe2icES5j87jy8x5WCm', 'local_node_index': 1}
2024-06-08 18:04:50,680 - devnet_sc_proxy_trainer - INFO - >>>Performing immutable query to get_all_nodes_per_cluster...
2024-06-08 18:04:50,865 - devnet_sc_proxy_trainer - INFO - {'returnData': ['AHsAAQB5AAIAjAAD'], 'returnCode': 'ok', 'returnMessage': '', 'gasUsed': 18446743773713136558}
2024-06-08 18:04:50,865 - devnet_sc_proxy_trainer - INFO - [{'global_node_index': 123, 'local_node_index': 1}, {'global_node_index': 121, 'local_node_index': 2}, {'global_node_index': 140, 'local_node_index': 3}]
2024-06-08 18:04:50,866 - devnet_sc_proxy_trainer - INFO - >>>Performing immutable query to get_round...
2024-06-08 18:04:51,080 - devnet_sc_proxy_trainer - INFO - {'returnData': ['AQ=='], 'returnCode': 'ok', 'returnMessage': '', 'gasUsed': 18446743773712649440}
2024-06-08 18:04:51,081 - devnet_sc_proxy_trainer - INFO - 1
2024-06-08 18:04:51,082 - devnet_sc_proxy_trainer - INFO - >>>Performing immutable query to get_all_round_files...
2024-06-08 18:04:51,299 - devnet_sc_proxy_trainer - INFO - {'returnData': ['UW1VMWNmMlJWc1d4MVVaNERabjFvOW1od0c1QXd1OVIyWlVGeVJEMzRSUTFqcQIAAAABUW1YdzhIb0dtdFI5ZkZvem9XeDJNNGhuaHdFZWlqRXBnUzlmRW9NSGRCRWFBUgUAAAABUW1VUEdUdm9hako1UGVxSG54c1p4b2pwMlJDdXpod0xBRjdEVmRva2gyNGtyVAIAAAABUW1OWEVnUjdOZ1JyR2RKTHRmVlYxN2N1SmRQcVlDZjNUUlhHa3A4UEVtczFFaAUAAAABUW1UWHVyazNZN1ZLb3VZNjNRVkhUUnVtbWh2c2hHYXUyTWtkakxuTWVtakVDWAIAAAABUW1ZMTVySk5tMWptbVhTNFRCZHFGY3hlcFRQR1d0N3M3cTRjNWl0MVVhU1h1eAUAAAABUW1URW1WelZ3eE1HZTVQUkdKRk5wcUFMZll1VnZvc3ExWVdhUWNZYWdEdEFCbQIAAAABUW1WbVYyU3E4eENNeHR1RzRlN3R4cU5LTndGNEpMUFlzMW1SclZMTWlCMkxpaAUAAAABUW1SOFhuMjZ0ZzNERnFGdnhqQlNMS0Z2TkVoZmtZNGlwUFY1aUZUdVRtakNIbwQAAAAB'], 'returnCode': 'ok', 'returnMessage': '', 'gasUsed': 18446743773717582337}
2024-06-08 18:04:51,299 - devnet_sc_proxy_trainer - INFO - [{'file_location': 'QmU1cf2RVsWx1UZ4DZn1o9mhwG5Awu9R2ZUFyRD34RQ1jq', 'file_type': 2, 'round': 1}, {'file_location': 'QmXw8HoGmtR9fFozoWx2M4hnhwEeijEpgS9fEoMHdBEaAR', 'file_type': 5, 'round': 1}, {'file_location': 'QmUPGTvoajJ5PeqHnxsZxojp2RCuzhwLAF7DVdokh24krT', 'file_type': 2, 'round': 1}, {'file_location': 'QmNXEgR7NgRrGdJLtfVV17cuJdPqYCf3TRXGkp8PEms1Eh', 'file_type': 5, 'round': 1}, {'file_location': 'QmTXurk3Y7VKouY63QVHTRummhvshGau2MkdjLnMemjECX', 'file_type': 2, 'round': 1}, {'file_location': 'QmY15rJNm1jmmXS4TBdqFcxepTPGWt7s7q4c5it1UaSXux', 'file_type': 5, 'round': 1}, {'file_location': 'QmTEmVzVwxMGe5PRGJFNpqALfYuVvosq1YWaQcYagDtABm', 'file_type': 2, 'round': 1}, {'file_location': 'QmVmV2Sq8xCMxtuG4e7txqNKNwF4JLPYs1mRrVLMiB2Lih', 'file_type': 5, 'round': 1}, {'file_location': 'QmR8Xn26tg3DFqFvxjBSLKFvNEhfkY4ipPV5iFTuTmjCHo', 'file_type': 4, 'round': 1}]
2024-06-08 18:04:51,299 - devnet_sc_proxy_trainer - INFO - >>>Performing immutable query to get_file_cluster_node...
2024-06-08 18:04:51,467 - devnet_sc_proxy_trainer - INFO - {'returnData': ['Jw8AFQ=='], 'returnCode': 'ok', 'returnMessage': '', 'gasUsed': 18446743773712684836}
2024-06-08 18:04:51,467 - devnet_sc_proxy_trainer - INFO - {'global_node_index': 9999, 'cluster_index': 21}
2024-06-08 18:04:51,480 - devnet_sc_proxy_trainer - INFO - >>>Performing immutable query to get_training_data...
2024-06-08 18:04:51,671 - devnet_sc_proxy_trainer - INFO - {'returnData': ['UW1TTjNHbTNlQUZ6d3BCd20zaFQyOEFFN3UxeXRpaVR3eFFpSzJVNk5NNzJyNVFtVG5jTkpHU2ljdjNVOFFZRlE5b2VUelNkZEp6emRvbnMyOEUxQzY1dzdiamlRbWRMWHNCb1o1aTJoaVRBRFRETVZNZDhEQXRpTWprNG5TVk02ODI1Z1o2WEUyUW1lWVk1cHY2aHJXUHJBWkw2bmdoTm1mQkJGeGUyaWNFUzVqODdqeTh4NVdDbQAB'], 'returnCode': 'ok', 'returnMessage': '', 'gasUsed': 18446743773714143014}
2024-06-08 18:04:51,671 - devnet_sc_proxy_trainer - INFO - {'cluster_adj_matrix_addr': 'QmSN3Gm3eAFzwpBwm3hT28AE7u1ytiiTwxQiK2U6NM72r5', 'dataset_addr': 'QmTncNJGSicv3U8QYFQ9oeTzSddJzzdons28E1C65w7bji', 'aggr_cluser_model_addr': 'QmdLXsBoZ5i2hiTADTDMVMd8DAtiMjk4nSVM6825gZ6XE2', 'footprind_model_addr': 'QmeYY5pv6hrWPrAZL6nghNmfBBFxe2icES5j87jy8x5WCm', 'local_node_index': 1}
2024-06-08 18:04:53,704 - devnet_sc_proxy_trainer - INFO - >>>Performing mutable call to evaluate_file for user address: erd1rxufcd8sn9t2k5cavngu60qeeytkuxymajdarnyq5f8enh850wpq8at8xu...
2024-06-08 18:04:53,888 - devnet_sc_proxy_trainer - INFO - >>>Transaction hash: 659da9e138d43cfc56bf6f2395ce51400f3f124642d77ccbbbf82500ef41c78e
2024-06-08 18:05:35,216 - __main__ - INFO - >>>Performing immutable query to get_cluster_aggregation_model...
2024-06-08 18:05:35,384 - __main__ - INFO - {'returnData': ['UW1SOFhuMjZ0ZzNERnFGdnhqQlNMS0Z2TkVoZmtZNGlwUFY1aUZUdVRtakNIbw=='], 'returnCode': 'ok', 'returnMessage': '', 'gasUsed': 18446743773712751876}
2024-06-08 18:05:35,385 - __main__ - INFO - QmR8Xn26tg3DFqFvxjBSLKFvNEhfkY4ipPV5iFTuTmjCHo
2024-06-08 18:05:47,507 - __main__ - INFO - >>>Performing immutable query to get_cluster_aggregation_model...
2024-06-08 18:05:47,900 - __main__ - INFO - {'returnData': ['UW1SOFhuMjZ0ZzNERnFGdnhqQlNMS0Z2TkVoZmtZNGlwUFY1aUZUdVRtakNIbw=='], 'returnCode': 'ok', 'returnMessage': '', 'gasUsed': 18446743773712751876}
2024-06-08 18:05:47,902 - __main__ - INFO - QmR8Xn26tg3DFqFvxjBSLKFvNEhfkY4ipPV5iFTuTmjCHo
2024-06-08 18:10:24,392 - __main__ - INFO - >>>Performing immutable query to get_cluster_aggregation_model...
2024-06-08 18:10:24,577 - __main__ - ERROR - Error in the query: Url = [https://devnet-api.multiversx.com/query], error = {'statusCode': 400, 'code': 'user error', 'message': 'storage decode error: input too short'}
2024-06-08 18:10:37,763 - __main__ - INFO - >>>Performing immutable query to get_cluster_aggregation_model...
2024-06-08 18:10:38,106 - __main__ - INFO - {'returnData': ['UW1SOFhuMjZ0ZzNERnFGdnhqQlNMS0Z2TkVoZmtZNGlwUFY1aUZUdVRtakNIbw=='], 'returnCode': 'ok', 'returnMessage': '', 'gasUsed': 18446743773712751876}
2024-06-08 18:10:38,107 - __main__ - INFO - QmR8Xn26tg3DFqFvxjBSLKFvNEhfkY4ipPV5iFTuTmjCHo
2024-06-08 18:10:43,421 - __main__ - INFO - >>>Performing immutable query to get_cluster_aggregation_model...
2024-06-08 18:10:43,616 - __main__ - ERROR - Error in the query: Url = [https://devnet-api.multiversx.com/query], error = {'statusCode': 400, 'code': 'user error', 'message': 'storage decode error: input too short'}
2024-06-08 18:10:52,820 - __main__ - INFO - >>>Performing immutable query to get_cluster_aggregation_model...
2024-06-08 18:10:53,017 - __main__ - ERROR - Error in the query: Url = [https://devnet-api.multiversx.com/query], error = {'statusCode': 400, 'code': 'user error', 'message': 'storage decode error: input too short'}
2024-06-08 18:11:25,893 - __main__ - INFO - >>>Performing immutable query to get_cluster_aggregation_model...
2024-06-08 18:11:26,257 - __main__ - ERROR - Error in the query: Url = [https://devnet-api.multiversx.com/query], error = {'statusCode': 400, 'code': 'user error', 'message': 'storage decode error: input too short'}
2024-06-08 18:11:41,215 - __main__ - INFO - >>>Performing immutable query to get_cluster_aggregation_model...
2024-06-08 21:24:20,427 - __main__ - INFO - >>>Performing immutable query to get_all_nodes_per_cluster...
2024-06-08 21:24:21,576 - __main__ - INFO - {'returnData': ['AHsAAQB5AAIAjAAD'], 'returnCode': 'ok', 'returnMessage': '', 'gasUsed': 18446743773713136558}
2024-06-08 21:24:21,577 - __main__ - INFO - [{'global_node_index': 123, 'local_node_index': 1}, {'global_node_index': 121, 'local_node_index': 2}, {'global_node_index': 140, 'local_node_index': 3}]
2024-06-08 23:33:22,623 - devnet_sc_proxy_trainer - INFO - >>>Performing immutable query to get_all_nodes_per_cluster...
2024-06-08 23:33:22,838 - devnet_sc_proxy_trainer - INFO - {'returnData': ['AHsAAQB5AAIAjAAD'], 'returnCode': 'ok', 'returnMessage': '', 'gasUsed': 18446743773713139958}
2024-06-08 23:33:22,839 - devnet_sc_proxy_trainer - INFO - [{'global_node_index': 123, 'local_node_index': 1}, {'global_node_index': 121, 'local_node_index': 2}, {'global_node_index': 140, 'local_node_index': 3}]
2024-06-08 23:33:55,512 - devnet_sc_proxy_trainer - INFO - >>>Performing immutable query to get_all_nodes_per_cluster...
2024-06-08 23:33:55,774 - devnet_sc_proxy_trainer - INFO - {'returnData': ['AHsAAQB5AAIAjAAD'], 'returnCode': 'ok', 'returnMessage': '', 'gasUsed': 18446743773713139958}
2024-06-08 23:33:55,775 - devnet_sc_proxy_trainer - INFO - [{'global_node_index': 123, 'local_node_index': 1}, {'global_node_index': 121, 'local_node_index': 2}, {'global_node_index': 140, 'local_node_index': 3}]
2024-06-08 23:36:50,494 - devnet_sc_proxy_trainer - INFO - >>>Performing immutable query to get_all_nodes_per_cluster...
2024-06-08 23:36:50,777 - devnet_sc_proxy_trainer - INFO - {'returnData': ['AHsAAQB5AAIAjAAD'], 'returnCode': 'ok', 'returnMessage': '', 'gasUsed': 18446743773713139958}
2024-06-08 23:36:50,778 - devnet_sc_proxy_trainer - INFO - [{'global_node_index': 123, 'local_node_index': 1}, {'global_node_index': 121, 'local_node_index': 2}, {'global_node_index': 140, 'local_node_index': 3}]
2024-06-08 23:36:50,779 - devnet_sc_proxy_trainer - INFO - >>>Performing immutable query to get_training_data...
2024-06-08 23:36:51,018 - devnet_sc_proxy_trainer - INFO - {'returnData': ['UW1TTjNHbTNlQUZ6d3BCd20zaFQyOEFFN3UxeXRpaVR3eFFpSzJVNk5NNzJyNVFtVG5jTkpHU2ljdjNVOFFZRlE5b2VUelNkZEp6emRvbnMyOEUxQzY1dzdiamlRbWRMWHNCb1o1aTJoaVRBRFRETVZNZDhEQXRpTWprNG5TVk02ODI1Z1o2WEUyUW1lWVk1cHY2aHJXUHJBWkw2bmdoTm1mQkJGeGUyaWNFUzVqODdqeTh4NVdDbQAB'], 'returnCode': 'ok', 'returnMessage': '', 'gasUsed': 18446743773714146454}
2024-06-08 23:36:51,020 - devnet_sc_proxy_trainer - INFO - {'cluster_adj_matrix_addr': 'QmSN3Gm3eAFzwpBwm3hT28AE7u1ytiiTwxQiK2U6NM72r5', 'dataset_addr': 'QmTncNJGSicv3U8QYFQ9oeTzSddJzzdons28E1C65w7bji', 'aggr_cluser_model_addr': 'QmdLXsBoZ5i2hiTADTDMVMd8DAtiMjk4nSVM6825gZ6XE2', 'footprind_model_addr': 'QmeYY5pv6hrWPrAZL6nghNmfBBFxe2icES5j87jy8x5WCm', 'local_node_index': 1}
2024-06-08 23:36:51,176 - devnet_sc_proxy_trainer - INFO - >>>Performing immutable query to get_training_data...
2024-06-08 23:36:51,374 - devnet_sc_proxy_trainer - INFO - {'returnData': ['UW1TTjNHbTNlQUZ6d3BCd20zaFQyOEFFN3UxeXRpaVR3eFFpSzJVNk5NNzJyNVFtZHNyc3YybjEyem5uYkxjTW50REJvYTZ3dHp4OGhmZENSb1hiendHQTIxa3JRbWRMWHNCb1o1aTJoaVRBRFRETVZNZDhEQXRpTWprNG5TVk02ODI1Z1o2WEUyUW1jVnZaRXJ5YlZmY1E4UVA0TXd1bm9ab2lVem1raFlERlhhVFhjUUs2eGl1dQAC'], 'returnCode': 'ok', 'returnMessage': '', 'gasUsed': 18446743773714208071}
2024-06-08 23:36:51,375 - devnet_sc_proxy_trainer - INFO - {'cluster_adj_matrix_addr': 'QmSN3Gm3eAFzwpBwm3hT28AE7u1ytiiTwxQiK2U6NM72r5', 'dataset_addr': 'Qmdsrsv2n12znnbLcMntDBoa6wtzx8hfdCRoXbzwGA21kr', 'aggr_cluser_model_addr': 'QmdLXsBoZ5i2hiTADTDMVMd8DAtiMjk4nSVM6825gZ6XE2', 'footprind_model_addr': 'QmcVvZErybVfcQ8QP4MwunoZoiUzmkhYDFXaTXcQK6xiuu', 'local_node_index': 2}
2024-06-08 23:36:51,497 - devnet_sc_proxy_trainer - INFO - >>>Performing immutable query to get_training_data...
2024-06-08 23:36:51,692 - devnet_sc_proxy_trainer - INFO - {'returnData': ['UW1TTjNHbTNlQUZ6d3BCd20zaFQyOEFFN3UxeXRpaVR3eFFpSzJVNk5NNzJyNVFtUlFMa2J5VGc3WnFha1M5WFJQbnF0bmJoZHNwVmdEc0dyZFF4VHZOdFR6WXBRbWRMWHNCb1o1aTJoaVRBRFRETVZNZDhEQXRpTWprNG5TVk02ODI1Z1o2WEUyUW1ia2pFOW81OTdWNkwzdXppeHlMS2l1WXlOekhOeGJzaUFUdFNjOWRmVlVucwAD'], 'returnCode': 'ok', 'returnMessage': '', 'gasUsed': 18446743773714381086}
2024-06-08 23:36:51,693 - devnet_sc_proxy_trainer - INFO - {'cluster_adj_matrix_addr': 'QmSN3Gm3eAFzwpBwm3hT28AE7u1ytiiTwxQiK2U6NM72r5', 'dataset_addr': 'QmRQLkbyTg7ZqakS9XRPnqtnbhdspVgDsGrdQxTvNtTzYp', 'aggr_cluser_model_addr': 'QmdLXsBoZ5i2hiTADTDMVMd8DAtiMjk4nSVM6825gZ6XE2', 'footprind_model_addr': 'QmbkjE9o597V6L3uzixyLKiuYyNzHNxbsiATtSc9dfVUns', 'local_node_index': 3}
2024-06-08 23:37:16,711 - devnet_sc_proxy_trainer - INFO - >>>Performing immutable query to get_all_nodes_per_cluster...
2024-06-08 23:37:16,938 - devnet_sc_proxy_trainer - INFO - {'returnData': ['AHsAAQB5AAIAjAAD'], 'returnCode': 'ok', 'returnMessage': '', 'gasUsed': 18446743773713139958}
2024-06-08 23:37:16,939 - devnet_sc_proxy_trainer - INFO - [{'global_node_index': 123, 'local_node_index': 1}, {'global_node_index': 121, 'local_node_index': 2}, {'global_node_index': 140, 'local_node_index': 3}]
2024-06-08 23:37:16,939 - devnet_sc_proxy_trainer - INFO - >>>Performing immutable query to get_training_data...
2024-06-08 23:37:17,146 - devnet_sc_proxy_trainer - INFO - {'returnData': ['UW1TTjNHbTNlQUZ6d3BCd20zaFQyOEFFN3UxeXRpaVR3eFFpSzJVNk5NNzJyNVFtVG5jTkpHU2ljdjNVOFFZRlE5b2VUelNkZEp6emRvbnMyOEUxQzY1dzdiamlRbWRMWHNCb1o1aTJoaVRBRFRETVZNZDhEQXRpTWprNG5TVk02ODI1Z1o2WEUyUW1lWVk1cHY2aHJXUHJBWkw2bmdoTm1mQkJGeGUyaWNFUzVqODdqeTh4NVdDbQAB'], 'returnCode': 'ok', 'returnMessage': '', 'gasUsed': 18446743773714146454}
2024-06-08 23:37:17,147 - devnet_sc_proxy_trainer - INFO - {'cluster_adj_matrix_addr': 'QmSN3Gm3eAFzwpBwm3hT28AE7u1ytiiTwxQiK2U6NM72r5', 'dataset_addr': 'QmTncNJGSicv3U8QYFQ9oeTzSddJzzdons28E1C65w7bji', 'aggr_cluser_model_addr': 'QmdLXsBoZ5i2hiTADTDMVMd8DAtiMjk4nSVM6825gZ6XE2', 'footprind_model_addr': 'QmeYY5pv6hrWPrAZL6nghNmfBBFxe2icES5j87jy8x5WCm', 'local_node_index': 1}
2024-06-08 23:37:17,216 - devnet_sc_proxy_trainer - INFO - >>>Performing immutable query to get_training_data...
2024-06-08 23:37:17,427 - devnet_sc_proxy_trainer - INFO - {'returnData': ['UW1TTjNHbTNlQUZ6d3BCd20zaFQyOEFFN3UxeXRpaVR3eFFpSzJVNk5NNzJyNVFtZHNyc3YybjEyem5uYkxjTW50REJvYTZ3dHp4OGhmZENSb1hiendHQTIxa3JRbWRMWHNCb1o1aTJoaVRBRFRETVZNZDhEQXRpTWprNG5TVk02ODI1Z1o2WEUyUW1jVnZaRXJ5YlZmY1E4UVA0TXd1bm9ab2lVem1raFlERlhhVFhjUUs2eGl1dQAC'], 'returnCode': 'ok', 'returnMessage': '', 'gasUsed': 18446743773714208071}
2024-06-08 23:37:17,428 - devnet_sc_proxy_trainer - INFO - {'cluster_adj_matrix_addr': 'QmSN3Gm3eAFzwpBwm3hT28AE7u1ytiiTwxQiK2U6NM72r5', 'dataset_addr': 'Qmdsrsv2n12znnbLcMntDBoa6wtzx8hfdCRoXbzwGA21kr', 'aggr_cluser_model_addr': 'QmdLXsBoZ5i2hiTADTDMVMd8DAtiMjk4nSVM6825gZ6XE2', 'footprind_model_addr': 'QmcVvZErybVfcQ8QP4MwunoZoiUzmkhYDFXaTXcQK6xiuu', 'local_node_index': 2}
2024-06-08 23:37:17,491 - devnet_sc_proxy_trainer - INFO - >>>Performing immutable query to get_training_data...
2024-06-08 23:37:17,675 - devnet_sc_proxy_trainer - INFO - {'returnData': ['UW1TTjNHbTNlQUZ6d3BCd20zaFQyOEFFN3UxeXRpaVR3eFFpSzJVNk5NNzJyNVFtUlFMa2J5VGc3WnFha1M5WFJQbnF0bmJoZHNwVmdEc0dyZFF4VHZOdFR6WXBRbWRMWHNCb1o1aTJoaVRBRFRETVZNZDhEQXRpTWprNG5TVk02ODI1Z1o2WEUyUW1ia2pFOW81OTdWNkwzdXppeHlMS2l1WXlOekhOeGJzaUFUdFNjOWRmVlVucwAD'], 'returnCode': 'ok', 'returnMessage': '', 'gasUsed': 18446743773714381086}
2024-06-08 23:37:17,676 - devnet_sc_proxy_trainer - INFO - {'cluster_adj_matrix_addr': 'QmSN3Gm3eAFzwpBwm3hT28AE7u1ytiiTwxQiK2U6NM72r5', 'dataset_addr': 'QmRQLkbyTg7ZqakS9XRPnqtnbhdspVgDsGrdQxTvNtTzYp', 'aggr_cluser_model_addr': 'QmdLXsBoZ5i2hiTADTDMVMd8DAtiMjk4nSVM6825gZ6XE2', 'footprind_model_addr': 'QmbkjE9o597V6L3uzixyLKiuYyNzHNxbsiATtSc9dfVUns', 'local_node_index': 3}
2024-06-08 23:46:57,540 - devnet_sc_proxy_trainer - INFO - >>>Performing immutable query to get_all_nodes_per_cluster...
2024-06-08 23:46:57,752 - devnet_sc_proxy_trainer - INFO - {'returnData': ['AHsAAQB5AAIAjAAD'], 'returnCode': 'ok', 'returnMessage': '', 'gasUsed': 18446743773713139958}
2024-06-08 23:46:57,753 - devnet_sc_proxy_trainer - INFO - [{'global_node_index': 123, 'local_node_index': 1}, {'global_node_index': 121, 'local_node_index': 2}, {'global_node_index': 140, 'local_node_index': 3}]
2024-06-08 23:46:57,753 - devnet_sc_proxy_trainer - INFO - >>>Performing immutable query to get_training_data...
2024-06-08 23:46:57,923 - devnet_sc_proxy_trainer - INFO - {'returnData': ['UW1TTjNHbTNlQUZ6d3BCd20zaFQyOEFFN3UxeXRpaVR3eFFpSzJVNk5NNzJyNVFtVG5jTkpHU2ljdjNVOFFZRlE5b2VUelNkZEp6emRvbnMyOEUxQzY1dzdiamlRbWRMWHNCb1o1aTJoaVRBRFRETVZNZDhEQXRpTWprNG5TVk02ODI1Z1o2WEUyUW1lWVk1cHY2aHJXUHJBWkw2bmdoTm1mQkJGeGUyaWNFUzVqODdqeTh4NVdDbQAB'], 'returnCode': 'ok', 'returnMessage': '', 'gasUsed': 18446743773714146454}
2024-06-08 23:46:57,925 - devnet_sc_proxy_trainer - INFO - {'cluster_adj_matrix_addr': 'QmSN3Gm3eAFzwpBwm3hT28AE7u1ytiiTwxQiK2U6NM72r5', 'dataset_addr': 'QmTncNJGSicv3U8QYFQ9oeTzSddJzzdons28E1C65w7bji', 'aggr_cluser_model_addr': 'QmdLXsBoZ5i2hiTADTDMVMd8DAtiMjk4nSVM6825gZ6XE2', 'footprind_model_addr': 'QmeYY5pv6hrWPrAZL6nghNmfBBFxe2icES5j87jy8x5WCm', 'local_node_index': 1}
2024-06-08 23:46:58,006 - devnet_sc_proxy_trainer - INFO - >>>Performing immutable query to get_training_data...
2024-06-08 23:46:58,256 - devnet_sc_proxy_trainer - INFO - {'returnData': ['UW1TTjNHbTNlQUZ6d3BCd20zaFQyOEFFN3UxeXRpaVR3eFFpSzJVNk5NNzJyNVFtZHNyc3YybjEyem5uYkxjTW50REJvYTZ3dHp4OGhmZENSb1hiendHQTIxa3JRbWRMWHNCb1o1aTJoaVRBRFRETVZNZDhEQXRpTWprNG5TVk02ODI1Z1o2WEUyUW1jVnZaRXJ5YlZmY1E4UVA0TXd1bm9ab2lVem1raFlERlhhVFhjUUs2eGl1dQAC'], 'returnCode': 'ok', 'returnMessage': '', 'gasUsed': 18446743773714208071}
2024-06-08 23:46:58,257 - devnet_sc_proxy_trainer - INFO - {'cluster_adj_matrix_addr': 'QmSN3Gm3eAFzwpBwm3hT28AE7u1ytiiTwxQiK2U6NM72r5', 'dataset_addr': 'Qmdsrsv2n12znnbLcMntDBoa6wtzx8hfdCRoXbzwGA21kr', 'aggr_cluser_model_addr': 'QmdLXsBoZ5i2hiTADTDMVMd8DAtiMjk4nSVM6825gZ6XE2', 'footprind_model_addr': 'QmcVvZErybVfcQ8QP4MwunoZoiUzmkhYDFXaTXcQK6xiuu', 'local_node_index': 2}
2024-06-08 23:46:58,334 - devnet_sc_proxy_trainer - INFO - >>>Performing immutable query to get_training_data...
2024-06-08 23:46:58,519 - devnet_sc_proxy_trainer - INFO - {'returnData': ['UW1TTjNHbTNlQUZ6d3BCd20zaFQyOEFFN3UxeXRpaVR3eFFpSzJVNk5NNzJyNVFtUlFMa2J5VGc3WnFha1M5WFJQbnF0bmJoZHNwVmdEc0dyZFF4VHZOdFR6WXBRbWRMWHNCb1o1aTJoaVRBRFRETVZNZDhEQXRpTWprNG5TVk02ODI1Z1o2WEUyUW1ia2pFOW81OTdWNkwzdXppeHlMS2l1WXlOekhOeGJzaUFUdFNjOWRmVlVucwAD'], 'returnCode': 'ok', 'returnMessage': '', 'gasUsed': 18446743773714381086}
2024-06-08 23:46:58,520 - devnet_sc_proxy_trainer - INFO - {'cluster_adj_matrix_addr': 'QmSN3Gm3eAFzwpBwm3hT28AE7u1ytiiTwxQiK2U6NM72r5', 'dataset_addr': 'QmRQLkbyTg7ZqakS9XRPnqtnbhdspVgDsGrdQxTvNtTzYp', 'aggr_cluser_model_addr': 'QmdLXsBoZ5i2hiTADTDMVMd8DAtiMjk4nSVM6825gZ6XE2', 'footprind_model_addr': 'QmbkjE9o597V6L3uzixyLKiuYyNzHNxbsiATtSc9dfVUns', 'local_node_index': 3}
2024-06-08 23:54:15,218 - devnet_sc_proxy_trainer - INFO - >>>Performing immutable query to get_all_nodes_per_cluster...
2024-06-08 23:54:15,400 - devnet_sc_proxy_trainer - INFO - {'returnData': ['AHsAAQB5AAIAjAAD'], 'returnCode': 'ok', 'returnMessage': '', 'gasUsed': 18446743773713139958}
2024-06-08 23:54:15,402 - devnet_sc_proxy_trainer - INFO - [{'global_node_index': 123, 'local_node_index': 1}, {'global_node_index': 121, 'local_node_index': 2}, {'global_node_index': 140, 'local_node_index': 3}]
2024-06-08 23:54:15,403 - devnet_sc_proxy_trainer - INFO - >>>Performing immutable query to get_training_data...
2024-06-08 23:54:16,088 - devnet_sc_proxy_trainer - INFO - {'returnData': ['UW1TTjNHbTNlQUZ6d3BCd20zaFQyOEFFN3UxeXRpaVR3eFFpSzJVNk5NNzJyNVFtVG5jTkpHU2ljdjNVOFFZRlE5b2VUelNkZEp6emRvbnMyOEUxQzY1dzdiamlRbWRMWHNCb1o1aTJoaVRBRFRETVZNZDhEQXRpTWprNG5TVk02ODI1Z1o2WEUyUW1lWVk1cHY2aHJXUHJBWkw2bmdoTm1mQkJGeGUyaWNFUzVqODdqeTh4NVdDbQAB'], 'returnCode': 'ok', 'returnMessage': '', 'gasUsed': 18446743773714146454}
2024-06-08 23:54:16,089 - devnet_sc_proxy_trainer - INFO - {'cluster_adj_matrix_addr': 'QmSN3Gm3eAFzwpBwm3hT28AE7u1ytiiTwxQiK2U6NM72r5', 'dataset_addr': 'QmTncNJGSicv3U8QYFQ9oeTzSddJzzdons28E1C65w7bji', 'aggr_cluser_model_addr': 'QmdLXsBoZ5i2hiTADTDMVMd8DAtiMjk4nSVM6825gZ6XE2', 'footprind_model_addr': 'QmeYY5pv6hrWPrAZL6nghNmfBBFxe2icES5j87jy8x5WCm', 'local_node_index': 1}
2024-06-08 23:54:16,189 - devnet_sc_proxy_trainer - INFO - >>>Performing immutable query to get_training_data...
2024-06-08 23:54:16,380 - devnet_sc_proxy_trainer - INFO - {'returnData': ['UW1TTjNHbTNlQUZ6d3BCd20zaFQyOEFFN3UxeXRpaVR3eFFpSzJVNk5NNzJyNVFtZHNyc3YybjEyem5uYkxjTW50REJvYTZ3dHp4OGhmZENSb1hiendHQTIxa3JRbWRMWHNCb1o1aTJoaVRBRFRETVZNZDhEQXRpTWprNG5TVk02ODI1Z1o2WEUyUW1jVnZaRXJ5YlZmY1E4UVA0TXd1bm9ab2lVem1raFlERlhhVFhjUUs2eGl1dQAC'], 'returnCode': 'ok', 'returnMessage': '', 'gasUsed': 18446743773714208071}
2024-06-08 23:54:16,381 - devnet_sc_proxy_trainer - INFO - {'cluster_adj_matrix_addr': 'QmSN3Gm3eAFzwpBwm3hT28AE7u1ytiiTwxQiK2U6NM72r5', 'dataset_addr': 'Qmdsrsv2n12znnbLcMntDBoa6wtzx8hfdCRoXbzwGA21kr', 'aggr_cluser_model_addr': 'QmdLXsBoZ5i2hiTADTDMVMd8DAtiMjk4nSVM6825gZ6XE2', 'footprind_model_addr': 'QmcVvZErybVfcQ8QP4MwunoZoiUzmkhYDFXaTXcQK6xiuu', 'local_node_index': 2}
2024-06-08 23:54:16,439 - devnet_sc_proxy_trainer - INFO - >>>Performing immutable query to get_training_data...
2024-06-08 23:54:16,636 - devnet_sc_proxy_trainer - INFO - {'returnData': ['UW1TTjNHbTNlQUZ6d3BCd20zaFQyOEFFN3UxeXRpaVR3eFFpSzJVNk5NNzJyNVFtUlFMa2J5VGc3WnFha1M5WFJQbnF0bmJoZHNwVmdEc0dyZFF4VHZOdFR6WXBRbWRMWHNCb1o1aTJoaVRBRFRETVZNZDhEQXRpTWprNG5TVk02ODI1Z1o2WEUyUW1ia2pFOW81OTdWNkwzdXppeHlMS2l1WXlOekhOeGJzaUFUdFNjOWRmVlVucwAD'], 'returnCode': 'ok', 'returnMessage': '', 'gasUsed': 18446743773714381086}
2024-06-08 23:54:16,637 - devnet_sc_proxy_trainer - INFO - {'cluster_adj_matrix_addr': 'QmSN3Gm3eAFzwpBwm3hT28AE7u1ytiiTwxQiK2U6NM72r5', 'dataset_addr': 'QmRQLkbyTg7ZqakS9XRPnqtnbhdspVgDsGrdQxTvNtTzYp', 'aggr_cluser_model_addr': 'QmdLXsBoZ5i2hiTADTDMVMd8DAtiMjk4nSVM6825gZ6XE2', 'footprind_model_addr': 'QmbkjE9o597V6L3uzixyLKiuYyNzHNxbsiATtSc9dfVUns', 'local_node_index': 3}
2024-06-08 23:54:16,794 - devnet_sc_proxy_trainer - INFO - >>>Performing immutable query to get_all_nodes_per_cluster...
2024-06-08 23:54:16,971 - devnet_sc_proxy_trainer - INFO - {'returnData': ['AHsAAQB5AAIAjAAD'], 'returnCode': 'ok', 'returnMessage': '', 'gasUsed': 18446743773713139958}
2024-06-08 23:54:16,972 - devnet_sc_proxy_trainer - INFO - [{'global_node_index': 123, 'local_node_index': 1}, {'global_node_index': 121, 'local_node_index': 2}, {'global_node_index': 140, 'local_node_index': 3}]
2024-06-08 23:54:16,973 - devnet_sc_proxy_trainer - INFO - >>>Performing immutable query to get_round...
2024-06-08 23:54:17,187 - devnet_sc_proxy_trainer - INFO - {'returnData': ['AQ=='], 'returnCode': 'ok', 'returnMessage': '', 'gasUsed': 18446743773712652840}
2024-06-08 23:54:17,188 - devnet_sc_proxy_trainer - INFO - 1
2024-06-08 23:54:17,189 - devnet_sc_proxy_trainer - INFO - >>>Performing immutable query to get_all_round_files...
2024-06-08 23:54:17,400 - devnet_sc_proxy_trainer - INFO - {'returnData': ['UW1VMWNmMlJWc1d4MVVaNERabjFvOW1od0c1QXd1OVIyWlVGeVJEMzRSUTFqcQIAAAABUW1YdzhIb0dtdFI5ZkZvem9XeDJNNGhuaHdFZWlqRXBnUzlmRW9NSGRCRWFBUgUAAAABUW1VUEdUdm9hako1UGVxSG54c1p4b2pwMlJDdXpod0xBRjdEVmRva2gyNGtyVAIAAAABUW1OWEVnUjdOZ1JyR2RKTHRmVlYxN2N1SmRQcVlDZjNUUlhHa3A4UEVtczFFaAUAAAABUW1UWHVyazNZN1ZLb3VZNjNRVkhUUnVtbWh2c2hHYXUyTWtkakxuTWVtakVDWAIAAAABUW1ZMTVySk5tMWptbVhTNFRCZHFGY3hlcFRQR1d0N3M3cTRjNWl0MVVhU1h1eAUAAAABUW1URW1WelZ3eE1HZTVQUkdKRk5wcUFMZll1VnZvc3ExWVdhUWNZYWdEdEFCbQIAAAABUW1WbVYyU3E4eENNeHR1RzRlN3R4cU5LTndGNEpMUFlzMW1SclZMTWlCMkxpaAUAAAABUW1SOFhuMjZ0ZzNERnFGdnhqQlNMS0Z2TkVoZmtZNGlwUFY1aUZUdVRtakNIbwQAAAAB'], 'returnCode': 'ok', 'returnMessage': '', 'gasUsed': 18446743773717585737}
2024-06-08 23:54:17,401 - devnet_sc_proxy_trainer - INFO - [{'file_location': 'QmU1cf2RVsWx1UZ4DZn1o9mhwG5Awu9R2ZUFyRD34RQ1jq', 'file_type': 2, 'round': 1}, {'file_location': 'QmXw8HoGmtR9fFozoWx2M4hnhwEeijEpgS9fEoMHdBEaAR', 'file_type': 5, 'round': 1}, {'file_location': 'QmUPGTvoajJ5PeqHnxsZxojp2RCuzhwLAF7DVdokh24krT', 'file_type': 2, 'round': 1}, {'file_location': 'QmNXEgR7NgRrGdJLtfVV17cuJdPqYCf3TRXGkp8PEms1Eh', 'file_type': 5, 'round': 1}, {'file_location': 'QmTXurk3Y7VKouY63QVHTRummhvshGau2MkdjLnMemjECX', 'file_type': 2, 'round': 1}, {'file_location': 'QmY15rJNm1jmmXS4TBdqFcxepTPGWt7s7q4c5it1UaSXux', 'file_type': 5, 'round': 1}, {'file_location': 'QmTEmVzVwxMGe5PRGJFNpqALfYuVvosq1YWaQcYagDtABm', 'file_type': 2, 'round': 1}, {'file_location': 'QmVmV2Sq8xCMxtuG4e7txqNKNwF4JLPYs1mRrVLMiB2Lih', 'file_type': 5, 'round': 1}, {'file_location': 'QmR8Xn26tg3DFqFvxjBSLKFvNEhfkY4ipPV5iFTuTmjCHo', 'file_type': 4, 'round': 1}]
2024-06-08 23:54:17,402 - devnet_sc_proxy_trainer - INFO - >>>Performing immutable query to get_file_cluster_node...
2024-06-08 23:54:17,615 - devnet_sc_proxy_trainer - INFO - {'returnData': ['Jw8AFQ=='], 'returnCode': 'ok', 'returnMessage': '', 'gasUsed': 18446743773712688236}
2024-06-08 23:54:17,616 - devnet_sc_proxy_trainer - INFO - {'global_node_index': 9999, 'cluster_index': 21}
2024-06-08 23:54:17,641 - devnet_sc_proxy_trainer - INFO - >>>Performing immutable query to get_training_data...
2024-06-08 23:54:17,837 - devnet_sc_proxy_trainer - INFO - {'returnData': ['UW1TTjNHbTNlQUZ6d3BCd20zaFQyOEFFN3UxeXRpaVR3eFFpSzJVNk5NNzJyNVFtVG5jTkpHU2ljdjNVOFFZRlE5b2VUelNkZEp6emRvbnMyOEUxQzY1dzdiamlRbWRMWHNCb1o1aTJoaVRBRFRETVZNZDhEQXRpTWprNG5TVk02ODI1Z1o2WEUyUW1lWVk1cHY2aHJXUHJBWkw2bmdoTm1mQkJGeGUyaWNFUzVqODdqeTh4NVdDbQAB'], 'returnCode': 'ok', 'returnMessage': '', 'gasUsed': 18446743773714146454}
2024-06-08 23:54:17,837 - devnet_sc_proxy_trainer - INFO - {'cluster_adj_matrix_addr': 'QmSN3Gm3eAFzwpBwm3hT28AE7u1ytiiTwxQiK2U6NM72r5', 'dataset_addr': 'QmTncNJGSicv3U8QYFQ9oeTzSddJzzdons28E1C65w7bji', 'aggr_cluser_model_addr': 'QmdLXsBoZ5i2hiTADTDMVMd8DAtiMjk4nSVM6825gZ6XE2', 'footprind_model_addr': 'QmeYY5pv6hrWPrAZL6nghNmfBBFxe2icES5j87jy8x5WCm', 'local_node_index': 1}
2024-06-08 23:55:07,482 - devnet_sc_proxy_trainer - INFO - >>>Performing immutable query to get_all_nodes_per_cluster...
2024-06-08 23:55:07,673 - devnet_sc_proxy_trainer - INFO - {'returnData': ['AHsAAQB5AAIAjAAD'], 'returnCode': 'ok', 'returnMessage': '', 'gasUsed': 18446743773713139958}
2024-06-08 23:55:07,674 - devnet_sc_proxy_trainer - INFO - [{'global_node_index': 123, 'local_node_index': 1}, {'global_node_index': 121, 'local_node_index': 2}, {'global_node_index': 140, 'local_node_index': 3}]
2024-06-08 23:55:07,675 - devnet_sc_proxy_trainer - INFO - >>>Performing immutable query to get_training_data...
2024-06-08 23:55:07,886 - devnet_sc_proxy_trainer - INFO - {'returnData': ['UW1TTjNHbTNlQUZ6d3BCd20zaFQyOEFFN3UxeXRpaVR3eFFpSzJVNk5NNzJyNVFtVG5jTkpHU2ljdjNVOFFZRlE5b2VUelNkZEp6emRvbnMyOEUxQzY1dzdiamlRbWRMWHNCb1o1aTJoaVRBRFRETVZNZDhEQXRpTWprNG5TVk02ODI1Z1o2WEUyUW1lWVk1cHY2aHJXUHJBWkw2bmdoTm1mQkJGeGUyaWNFUzVqODdqeTh4NVdDbQAB'], 'returnCode': 'ok', 'returnMessage': '', 'gasUsed': 18446743773714146454}
2024-06-08 23:55:07,887 - devnet_sc_proxy_trainer - INFO - {'cluster_adj_matrix_addr': 'QmSN3Gm3eAFzwpBwm3hT28AE7u1ytiiTwxQiK2U6NM72r5', 'dataset_addr': 'QmTncNJGSicv3U8QYFQ9oeTzSddJzzdons28E1C65w7bji', 'aggr_cluser_model_addr': 'QmdLXsBoZ5i2hiTADTDMVMd8DAtiMjk4nSVM6825gZ6XE2', 'footprind_model_addr': 'QmeYY5pv6hrWPrAZL6nghNmfBBFxe2icES5j87jy8x5WCm', 'local_node_index': 1}
2024-06-08 23:55:07,952 - devnet_sc_proxy_trainer - INFO - >>>Performing immutable query to get_training_data...
2024-06-08 23:55:08,140 - devnet_sc_proxy_trainer - INFO - {'returnData': ['UW1TTjNHbTNlQUZ6d3BCd20zaFQyOEFFN3UxeXRpaVR3eFFpSzJVNk5NNzJyNVFtZHNyc3YybjEyem5uYkxjTW50REJvYTZ3dHp4OGhmZENSb1hiendHQTIxa3JRbWRMWHNCb1o1aTJoaVRBRFRETVZNZDhEQXRpTWprNG5TVk02ODI1Z1o2WEUyUW1jVnZaRXJ5YlZmY1E4UVA0TXd1bm9ab2lVem1raFlERlhhVFhjUUs2eGl1dQAC'], 'returnCode': 'ok', 'returnMessage': '', 'gasUsed': 18446743773714208071}
2024-06-08 23:55:08,141 - devnet_sc_proxy_trainer - INFO - {'cluster_adj_matrix_addr': 'QmSN3Gm3eAFzwpBwm3hT28AE7u1ytiiTwxQiK2U6NM72r5', 'dataset_addr': 'Qmdsrsv2n12znnbLcMntDBoa6wtzx8hfdCRoXbzwGA21kr', 'aggr_cluser_model_addr': 'QmdLXsBoZ5i2hiTADTDMVMd8DAtiMjk4nSVM6825gZ6XE2', 'footprind_model_addr': 'QmcVvZErybVfcQ8QP4MwunoZoiUzmkhYDFXaTXcQK6xiuu', 'local_node_index': 2}
2024-06-08 23:55:08,230 - devnet_sc_proxy_trainer - INFO - >>>Performing immutable query to get_training_data...
2024-06-08 23:55:08,410 - devnet_sc_proxy_trainer - INFO - {'returnData': ['UW1TTjNHbTNlQUZ6d3BCd20zaFQyOEFFN3UxeXRpaVR3eFFpSzJVNk5NNzJyNVFtUlFMa2J5VGc3WnFha1M5WFJQbnF0bmJoZHNwVmdEc0dyZFF4VHZOdFR6WXBRbWRMWHNCb1o1aTJoaVRBRFRETVZNZDhEQXRpTWprNG5TVk02ODI1Z1o2WEUyUW1ia2pFOW81OTdWNkwzdXppeHlMS2l1WXlOekhOeGJzaUFUdFNjOWRmVlVucwAD'], 'returnCode': 'ok', 'returnMessage': '', 'gasUsed': 18446743773714381086}
2024-06-08 23:55:08,412 - devnet_sc_proxy_trainer - INFO - {'cluster_adj_matrix_addr': 'QmSN3Gm3eAFzwpBwm3hT28AE7u1ytiiTwxQiK2U6NM72r5', 'dataset_addr': 'QmRQLkbyTg7ZqakS9XRPnqtnbhdspVgDsGrdQxTvNtTzYp', 'aggr_cluser_model_addr': 'QmdLXsBoZ5i2hiTADTDMVMd8DAtiMjk4nSVM6825gZ6XE2', 'footprind_model_addr': 'QmbkjE9o597V6L3uzixyLKiuYyNzHNxbsiATtSc9dfVUns', 'local_node_index': 3}
2024-06-08 23:55:08,542 - devnet_sc_proxy_trainer - INFO - >>>Performing immutable query to get_all_nodes_per_cluster...
2024-06-08 23:55:08,745 - devnet_sc_proxy_trainer - INFO - {'returnData': ['AHsAAQB5AAIAjAAD'], 'returnCode': 'ok', 'returnMessage': '', 'gasUsed': 18446743773713139958}
2024-06-08 23:55:08,746 - devnet_sc_proxy_trainer - INFO - [{'global_node_index': 123, 'local_node_index': 1}, {'global_node_index': 121, 'local_node_index': 2}, {'global_node_index': 140, 'local_node_index': 3}]
2024-06-08 23:55:08,747 - devnet_sc_proxy_trainer - INFO - >>>Performing immutable query to get_round...
2024-06-08 23:55:08,964 - devnet_sc_proxy_trainer - INFO - {'returnData': ['AQ=='], 'returnCode': 'ok', 'returnMessage': '', 'gasUsed': 18446743773712652840}
2024-06-08 23:55:08,965 - devnet_sc_proxy_trainer - INFO - 1
2024-06-08 23:55:08,966 - devnet_sc_proxy_trainer - INFO - >>>Performing immutable query to get_all_round_files...
2024-06-08 23:55:09,191 - devnet_sc_proxy_trainer - INFO - {'returnData': ['UW1VMWNmMlJWc1d4MVVaNERabjFvOW1od0c1QXd1OVIyWlVGeVJEMzRSUTFqcQIAAAABUW1YdzhIb0dtdFI5ZkZvem9XeDJNNGhuaHdFZWlqRXBnUzlmRW9NSGRCRWFBUgUAAAABUW1VUEdUdm9hako1UGVxSG54c1p4b2pwMlJDdXpod0xBRjdEVmRva2gyNGtyVAIAAAABUW1OWEVnUjdOZ1JyR2RKTHRmVlYxN2N1SmRQcVlDZjNUUlhHa3A4UEVtczFFaAUAAAABUW1UWHVyazNZN1ZLb3VZNjNRVkhUUnVtbWh2c2hHYXUyTWtkakxuTWVtakVDWAIAAAABUW1ZMTVySk5tMWptbVhTNFRCZHFGY3hlcFRQR1d0N3M3cTRjNWl0MVVhU1h1eAUAAAABUW1URW1WelZ3eE1HZTVQUkdKRk5wcUFMZll1VnZvc3ExWVdhUWNZYWdEdEFCbQIAAAABUW1WbVYyU3E4eENNeHR1RzRlN3R4cU5LTndGNEpMUFlzMW1SclZMTWlCMkxpaAUAAAABUW1SOFhuMjZ0ZzNERnFGdnhqQlNMS0Z2TkVoZmtZNGlwUFY1aUZUdVRtakNIbwQAAAAB'], 'returnCode': 'ok', 'returnMessage': '', 'gasUsed': 18446743773717585737}
2024-06-08 23:55:09,192 - devnet_sc_proxy_trainer - INFO - [{'file_location': 'QmU1cf2RVsWx1UZ4DZn1o9mhwG5Awu9R2ZUFyRD34RQ1jq', 'file_type': 2, 'round': 1}, {'file_location': 'QmXw8HoGmtR9fFozoWx2M4hnhwEeijEpgS9fEoMHdBEaAR', 'file_type': 5, 'round': 1}, {'file_location': 'QmUPGTvoajJ5PeqHnxsZxojp2RCuzhwLAF7DVdokh24krT', 'file_type': 2, 'round': 1}, {'file_location': 'QmNXEgR7NgRrGdJLtfVV17cuJdPqYCf3TRXGkp8PEms1Eh', 'file_type': 5, 'round': 1}, {'file_location': 'QmTXurk3Y7VKouY63QVHTRummhvshGau2MkdjLnMemjECX', 'file_type': 2, 'round': 1}, {'file_location': 'QmY15rJNm1jmmXS4TBdqFcxepTPGWt7s7q4c5it1UaSXux', 'file_type': 5, 'round': 1}, {'file_location': 'QmTEmVzVwxMGe5PRGJFNpqALfYuVvosq1YWaQcYagDtABm', 'file_type': 2, 'round': 1}, {'file_location': 'QmVmV2Sq8xCMxtuG4e7txqNKNwF4JLPYs1mRrVLMiB2Lih', 'file_type': 5, 'round': 1}, {'file_location': 'QmR8Xn26tg3DFqFvxjBSLKFvNEhfkY4ipPV5iFTuTmjCHo', 'file_type': 4, 'round': 1}]
2024-06-08 23:55:09,193 - devnet_sc_proxy_trainer - INFO - >>>Performing immutable query to get_file_cluster_node...
2024-06-08 23:55:09,401 - devnet_sc_proxy_trainer - INFO - {'returnData': ['Jw8AFQ=='], 'returnCode': 'ok', 'returnMessage': '', 'gasUsed': 18446743773712688236}
2024-06-08 23:55:09,402 - devnet_sc_proxy_trainer - INFO - {'global_node_index': 9999, 'cluster_index': 21}
2024-06-08 23:55:09,424 - devnet_sc_proxy_trainer - INFO - >>>Performing immutable query to get_training_data...
2024-06-08 23:55:09,625 - devnet_sc_proxy_trainer - INFO - {'returnData': ['UW1TTjNHbTNlQUZ6d3BCd20zaFQyOEFFN3UxeXRpaVR3eFFpSzJVNk5NNzJyNVFtVG5jTkpHU2ljdjNVOFFZRlE5b2VUelNkZEp6emRvbnMyOEUxQzY1dzdiamlRbWRMWHNCb1o1aTJoaVRBRFRETVZNZDhEQXRpTWprNG5TVk02ODI1Z1o2WEUyUW1lWVk1cHY2aHJXUHJBWkw2bmdoTm1mQkJGeGUyaWNFUzVqODdqeTh4NVdDbQAB'], 'returnCode': 'ok', 'returnMessage': '', 'gasUsed': 18446743773714146454}
2024-06-08 23:55:09,626 - devnet_sc_proxy_trainer - INFO - {'cluster_adj_matrix_addr': 'QmSN3Gm3eAFzwpBwm3hT28AE7u1ytiiTwxQiK2U6NM72r5', 'dataset_addr': 'QmTncNJGSicv3U8QYFQ9oeTzSddJzzdons28E1C65w7bji', 'aggr_cluser_model_addr': 'QmdLXsBoZ5i2hiTADTDMVMd8DAtiMjk4nSVM6825gZ6XE2', 'footprind_model_addr': 'QmeYY5pv6hrWPrAZL6nghNmfBBFxe2icES5j87jy8x5WCm', 'local_node_index': 1}
2024-06-09 00:08:37,474 - devnet_sc_proxy_trainer - INFO - >>>Performing immutable query to get_all_nodes_per_cluster...
2024-06-09 00:08:37,876 - devnet_sc_proxy_trainer - INFO - {'returnData': ['AHsAAQB5AAIAjAAD'], 'returnCode': 'ok', 'returnMessage': '', 'gasUsed': 18446743773713139958}
2024-06-09 00:08:37,877 - devnet_sc_proxy_trainer - INFO - [{'global_node_index': 123, 'local_node_index': 1}, {'global_node_index': 121, 'local_node_index': 2}, {'global_node_index': 140, 'local_node_index': 3}]
2024-06-09 00:08:37,877 - devnet_sc_proxy_trainer - INFO - >>>Performing immutable query to get_training_data...
2024-06-09 00:08:38,081 - devnet_sc_proxy_trainer - INFO - {'returnData': ['UW1TTjNHbTNlQUZ6d3BCd20zaFQyOEFFN3UxeXRpaVR3eFFpSzJVNk5NNzJyNVFtVG5jTkpHU2ljdjNVOFFZRlE5b2VUelNkZEp6emRvbnMyOEUxQzY1dzdiamlRbWRMWHNCb1o1aTJoaVRBRFRETVZNZDhEQXRpTWprNG5TVk02ODI1Z1o2WEUyUW1lWVk1cHY2aHJXUHJBWkw2bmdoTm1mQkJGeGUyaWNFUzVqODdqeTh4NVdDbQAB'], 'returnCode': 'ok', 'returnMessage': '', 'gasUsed': 18446743773714146454}
2024-06-09 00:08:38,082 - devnet_sc_proxy_trainer - INFO - {'cluster_adj_matrix_addr': 'QmSN3Gm3eAFzwpBwm3hT28AE7u1ytiiTwxQiK2U6NM72r5', 'dataset_addr': 'QmTncNJGSicv3U8QYFQ9oeTzSddJzzdons28E1C65w7bji', 'aggr_cluser_model_addr': 'QmdLXsBoZ5i2hiTADTDMVMd8DAtiMjk4nSVM6825gZ6XE2', 'footprind_model_addr': 'QmeYY5pv6hrWPrAZL6nghNmfBBFxe2icES5j87jy8x5WCm', 'local_node_index': 1}
2024-06-09 00:08:38,162 - devnet_sc_proxy_trainer - INFO - >>>Performing immutable query to get_training_data...
2024-06-09 00:08:38,380 - devnet_sc_proxy_trainer - INFO - {'returnData': ['UW1TTjNHbTNlQUZ6d3BCd20zaFQyOEFFN3UxeXRpaVR3eFFpSzJVNk5NNzJyNVFtZHNyc3YybjEyem5uYkxjTW50REJvYTZ3dHp4OGhmZENSb1hiendHQTIxa3JRbWRMWHNCb1o1aTJoaVRBRFRETVZNZDhEQXRpTWprNG5TVk02ODI1Z1o2WEUyUW1jVnZaRXJ5YlZmY1E4UVA0TXd1bm9ab2lVem1raFlERlhhVFhjUUs2eGl1dQAC'], 'returnCode': 'ok', 'returnMessage': '', 'gasUsed': 18446743773714208071}
2024-06-09 00:08:38,381 - devnet_sc_proxy_trainer - INFO - {'cluster_adj_matrix_addr': 'QmSN3Gm3eAFzwpBwm3hT28AE7u1ytiiTwxQiK2U6NM72r5', 'dataset_addr': 'Qmdsrsv2n12znnbLcMntDBoa6wtzx8hfdCRoXbzwGA21kr', 'aggr_cluser_model_addr': 'QmdLXsBoZ5i2hiTADTDMVMd8DAtiMjk4nSVM6825gZ6XE2', 'footprind_model_addr': 'QmcVvZErybVfcQ8QP4MwunoZoiUzmkhYDFXaTXcQK6xiuu', 'local_node_index': 2}
2024-06-09 00:08:38,432 - devnet_sc_proxy_trainer - INFO - >>>Performing immutable query to get_training_data...
2024-06-09 00:08:38,650 - devnet_sc_proxy_trainer - INFO - {'returnData': ['UW1TTjNHbTNlQUZ6d3BCd20zaFQyOEFFN3UxeXRpaVR3eFFpSzJVNk5NNzJyNVFtUlFMa2J5VGc3WnFha1M5WFJQbnF0bmJoZHNwVmdEc0dyZFF4VHZOdFR6WXBRbWRMWHNCb1o1aTJoaVRBRFRETVZNZDhEQXRpTWprNG5TVk02ODI1Z1o2WEUyUW1ia2pFOW81OTdWNkwzdXppeHlMS2l1WXlOekhOeGJzaUFUdFNjOWRmVlVucwAD'], 'returnCode': 'ok', 'returnMessage': '', 'gasUsed': 18446743773714381086}
2024-06-09 00:08:38,719 - devnet_sc_proxy_trainer - INFO - {'cluster_adj_matrix_addr': 'QmSN3Gm3eAFzwpBwm3hT28AE7u1ytiiTwxQiK2U6NM72r5', 'dataset_addr': 'QmRQLkbyTg7ZqakS9XRPnqtnbhdspVgDsGrdQxTvNtTzYp', 'aggr_cluser_model_addr': 'QmdLXsBoZ5i2hiTADTDMVMd8DAtiMjk4nSVM6825gZ6XE2', 'footprind_model_addr': 'QmbkjE9o597V6L3uzixyLKiuYyNzHNxbsiATtSc9dfVUns', 'local_node_index': 3}
2024-06-09 00:09:47,091 - devnet_sc_proxy_trainer - INFO - >>>Performing immutable query to get_all_nodes_per_cluster...
2024-06-09 00:09:47,308 - devnet_sc_proxy_trainer - INFO - {'returnData': ['AHsAAQB5AAIAjAAD'], 'returnCode': 'ok', 'returnMessage': '', 'gasUsed': 18446743773713139958}
2024-06-09 00:09:47,309 - devnet_sc_proxy_trainer - INFO - [{'global_node_index': 123, 'local_node_index': 1}, {'global_node_index': 121, 'local_node_index': 2}, {'global_node_index': 140, 'local_node_index': 3}]
2024-06-09 00:09:47,309 - devnet_sc_proxy_trainer - INFO - >>>Performing immutable query to get_training_data...
2024-06-09 00:09:47,866 - devnet_sc_proxy_trainer - INFO - {'returnData': ['UW1TTjNHbTNlQUZ6d3BCd20zaFQyOEFFN3UxeXRpaVR3eFFpSzJVNk5NNzJyNVFtVG5jTkpHU2ljdjNVOFFZRlE5b2VUelNkZEp6emRvbnMyOEUxQzY1dzdiamlRbWRMWHNCb1o1aTJoaVRBRFRETVZNZDhEQXRpTWprNG5TVk02ODI1Z1o2WEUyUW1lWVk1cHY2aHJXUHJBWkw2bmdoTm1mQkJGeGUyaWNFUzVqODdqeTh4NVdDbQAB'], 'returnCode': 'ok', 'returnMessage': '', 'gasUsed': 18446743773714146454}
2024-06-09 00:09:47,866 - devnet_sc_proxy_trainer - INFO - {'cluster_adj_matrix_addr': 'QmSN3Gm3eAFzwpBwm3hT28AE7u1ytiiTwxQiK2U6NM72r5', 'dataset_addr': 'QmTncNJGSicv3U8QYFQ9oeTzSddJzzdons28E1C65w7bji', 'aggr_cluser_model_addr': 'QmdLXsBoZ5i2hiTADTDMVMd8DAtiMjk4nSVM6825gZ6XE2', 'footprind_model_addr': 'QmeYY5pv6hrWPrAZL6nghNmfBBFxe2icES5j87jy8x5WCm', 'local_node_index': 1}
2024-06-09 00:09:47,935 - devnet_sc_proxy_trainer - INFO - >>>Performing immutable query to get_training_data...
2024-06-09 00:09:48,128 - devnet_sc_proxy_trainer - INFO - {'returnData': ['UW1TTjNHbTNlQUZ6d3BCd20zaFQyOEFFN3UxeXRpaVR3eFFpSzJVNk5NNzJyNVFtZHNyc3YybjEyem5uYkxjTW50REJvYTZ3dHp4OGhmZENSb1hiendHQTIxa3JRbWRMWHNCb1o1aTJoaVRBRFRETVZNZDhEQXRpTWprNG5TVk02ODI1Z1o2WEUyUW1jVnZaRXJ5YlZmY1E4UVA0TXd1bm9ab2lVem1raFlERlhhVFhjUUs2eGl1dQAC'], 'returnCode': 'ok', 'returnMessage': '', 'gasUsed': 18446743773714208071}
2024-06-09 00:09:48,130 - devnet_sc_proxy_trainer - INFO - {'cluster_adj_matrix_addr': 'QmSN3Gm3eAFzwpBwm3hT28AE7u1ytiiTwxQiK2U6NM72r5', 'dataset_addr': 'Qmdsrsv2n12znnbLcMntDBoa6wtzx8hfdCRoXbzwGA21kr', 'aggr_cluser_model_addr': 'QmdLXsBoZ5i2hiTADTDMVMd8DAtiMjk4nSVM6825gZ6XE2', 'footprind_model_addr': 'QmcVvZErybVfcQ8QP4MwunoZoiUzmkhYDFXaTXcQK6xiuu', 'local_node_index': 2}
2024-06-09 00:09:48,216 - devnet_sc_proxy_trainer - INFO - >>>Performing immutable query to get_training_data...
2024-06-09 00:09:48,405 - devnet_sc_proxy_trainer - INFO - {'returnData': ['UW1TTjNHbTNlQUZ6d3BCd20zaFQyOEFFN3UxeXRpaVR3eFFpSzJVNk5NNzJyNVFtUlFMa2J5VGc3WnFha1M5WFJQbnF0bmJoZHNwVmdEc0dyZFF4VHZOdFR6WXBRbWRMWHNCb1o1aTJoaVRBRFRETVZNZDhEQXRpTWprNG5TVk02ODI1Z1o2WEUyUW1ia2pFOW81OTdWNkwzdXppeHlMS2l1WXlOekhOeGJzaUFUdFNjOWRmVlVucwAD'], 'returnCode': 'ok', 'returnMessage': '', 'gasUsed': 18446743773714381086}
2024-06-09 00:09:48,405 - devnet_sc_proxy_trainer - INFO - {'cluster_adj_matrix_addr': 'QmSN3Gm3eAFzwpBwm3hT28AE7u1ytiiTwxQiK2U6NM72r5', 'dataset_addr': 'QmRQLkbyTg7ZqakS9XRPnqtnbhdspVgDsGrdQxTvNtTzYp', 'aggr_cluser_model_addr': 'QmdLXsBoZ5i2hiTADTDMVMd8DAtiMjk4nSVM6825gZ6XE2', 'footprind_model_addr': 'QmbkjE9o597V6L3uzixyLKiuYyNzHNxbsiATtSc9dfVUns', 'local_node_index': 3}
2024-06-09 00:09:48,608 - devnet_sc_proxy_trainer - INFO - >>>Performing immutable query to get_all_nodes_per_cluster...
2024-06-09 00:09:48,786 - devnet_sc_proxy_trainer - INFO - {'returnData': ['AHsAAQB5AAIAjAAD'], 'returnCode': 'ok', 'returnMessage': '', 'gasUsed': 18446743773713139958}
2024-06-09 00:09:48,787 - devnet_sc_proxy_trainer - INFO - [{'global_node_index': 123, 'local_node_index': 1}, {'global_node_index': 121, 'local_node_index': 2}, {'global_node_index': 140, 'local_node_index': 3}]
2024-06-09 00:09:48,788 - devnet_sc_proxy_trainer - INFO - >>>Performing immutable query to get_round...
2024-06-09 00:09:49,034 - devnet_sc_proxy_trainer - INFO - {'returnData': ['AQ=='], 'returnCode': 'ok', 'returnMessage': '', 'gasUsed': 18446743773712652840}
2024-06-09 00:09:49,035 - devnet_sc_proxy_trainer - INFO - 1
2024-06-09 00:09:49,036 - devnet_sc_proxy_trainer - INFO - >>>Performing immutable query to get_all_round_files...
2024-06-09 00:09:49,273 - devnet_sc_proxy_trainer - INFO - {'returnData': ['UW1VMWNmMlJWc1d4MVVaNERabjFvOW1od0c1QXd1OVIyWlVGeVJEMzRSUTFqcQIAAAABUW1YdzhIb0dtdFI5ZkZvem9XeDJNNGhuaHdFZWlqRXBnUzlmRW9NSGRCRWFBUgUAAAABUW1VUEdUdm9hako1UGVxSG54c1p4b2pwMlJDdXpod0xBRjdEVmRva2gyNGtyVAIAAAABUW1OWEVnUjdOZ1JyR2RKTHRmVlYxN2N1SmRQcVlDZjNUUlhHa3A4UEVtczFFaAUAAAABUW1UWHVyazNZN1ZLb3VZNjNRVkhUUnVtbWh2c2hHYXUyTWtkakxuTWVtakVDWAIAAAABUW1ZMTVySk5tMWptbVhTNFRCZHFGY3hlcFRQR1d0N3M3cTRjNWl0MVVhU1h1eAUAAAABUW1URW1WelZ3eE1HZTVQUkdKRk5wcUFMZll1VnZvc3ExWVdhUWNZYWdEdEFCbQIAAAABUW1WbVYyU3E4eENNeHR1RzRlN3R4cU5LTndGNEpMUFlzMW1SclZMTWlCMkxpaAUAAAABUW1SOFhuMjZ0ZzNERnFGdnhqQlNMS0Z2TkVoZmtZNGlwUFY1aUZUdVRtakNIbwQAAAAB'], 'returnCode': 'ok', 'returnMessage': '', 'gasUsed': 18446743773717585737}
2024-06-09 00:09:49,275 - devnet_sc_proxy_trainer - INFO - [{'file_location': 'QmU1cf2RVsWx1UZ4DZn1o9mhwG5Awu9R2ZUFyRD34RQ1jq', 'file_type': 2, 'round': 1}, {'file_location': 'QmXw8HoGmtR9fFozoWx2M4hnhwEeijEpgS9fEoMHdBEaAR', 'file_type': 5, 'round': 1}, {'file_location': 'QmUPGTvoajJ5PeqHnxsZxojp2RCuzhwLAF7DVdokh24krT', 'file_type': 2, 'round': 1}, {'file_location': 'QmNXEgR7NgRrGdJLtfVV17cuJdPqYCf3TRXGkp8PEms1Eh', 'file_type': 5, 'round': 1}, {'file_location': 'QmTXurk3Y7VKouY63QVHTRummhvshGau2MkdjLnMemjECX', 'file_type': 2, 'round': 1}, {'file_location': 'QmY15rJNm1jmmXS4TBdqFcxepTPGWt7s7q4c5it1UaSXux', 'file_type': 5, 'round': 1}, {'file_location': 'QmTEmVzVwxMGe5PRGJFNpqALfYuVvosq1YWaQcYagDtABm', 'file_type': 2, 'round': 1}, {'file_location': 'QmVmV2Sq8xCMxtuG4e7txqNKNwF4JLPYs1mRrVLMiB2Lih', 'file_type': 5, 'round': 1}, {'file_location': 'QmR8Xn26tg3DFqFvxjBSLKFvNEhfkY4ipPV5iFTuTmjCHo', 'file_type': 4, 'round': 1}]
2024-06-09 00:09:49,276 - devnet_sc_proxy_trainer - INFO - >>>Performing immutable query to get_file_cluster_node...
2024-06-09 00:09:49,577 - devnet_sc_proxy_trainer - INFO - {'returnData': ['Jw8AFQ=='], 'returnCode': 'ok', 'returnMessage': '', 'gasUsed': 18446743773712688236}
2024-06-09 00:09:49,578 - devnet_sc_proxy_trainer - INFO - {'global_node_index': 9999, 'cluster_index': 21}
2024-06-09 00:09:49,595 - devnet_sc_proxy_trainer - INFO - >>>Performing immutable query to get_training_data...
2024-06-09 00:09:49,793 - devnet_sc_proxy_trainer - INFO - {'returnData': ['UW1TTjNHbTNlQUZ6d3BCd20zaFQyOEFFN3UxeXRpaVR3eFFpSzJVNk5NNzJyNVFtVG5jTkpHU2ljdjNVOFFZRlE5b2VUelNkZEp6emRvbnMyOEUxQzY1dzdiamlRbWRMWHNCb1o1aTJoaVRBRFRETVZNZDhEQXRpTWprNG5TVk02ODI1Z1o2WEUyUW1lWVk1cHY2aHJXUHJBWkw2bmdoTm1mQkJGeGUyaWNFUzVqODdqeTh4NVdDbQAB'], 'returnCode': 'ok', 'returnMessage': '', 'gasUsed': 18446743773714146454}
2024-06-09 00:09:49,795 - devnet_sc_proxy_trainer - INFO - {'cluster_adj_matrix_addr': 'QmSN3Gm3eAFzwpBwm3hT28AE7u1ytiiTwxQiK2U6NM72r5', 'dataset_addr': 'QmTncNJGSicv3U8QYFQ9oeTzSddJzzdons28E1C65w7bji', 'aggr_cluser_model_addr': 'QmdLXsBoZ5i2hiTADTDMVMd8DAtiMjk4nSVM6825gZ6XE2', 'footprind_model_addr': 'QmeYY5pv6hrWPrAZL6nghNmfBBFxe2icES5j87jy8x5WCm', 'local_node_index': 1}
2024-06-09 00:10:59,775 - devnet_sc_proxy_trainer - INFO - >>>Performing immutable query to get_all_nodes_per_cluster...
2024-06-09 00:10:59,967 - devnet_sc_proxy_trainer - INFO - {'returnData': ['AHsAAQB5AAIAjAAD'], 'returnCode': 'ok', 'returnMessage': '', 'gasUsed': 18446743773713139958}
2024-06-09 00:10:59,968 - devnet_sc_proxy_trainer - INFO - [{'global_node_index': 123, 'local_node_index': 1}, {'global_node_index': 121, 'local_node_index': 2}, {'global_node_index': 140, 'local_node_index': 3}]
2024-06-09 00:10:59,968 - devnet_sc_proxy_trainer - INFO - >>>Performing immutable query to get_training_data...
2024-06-09 00:11:00,265 - devnet_sc_proxy_trainer - INFO - {'returnData': ['UW1TTjNHbTNlQUZ6d3BCd20zaFQyOEFFN3UxeXRpaVR3eFFpSzJVNk5NNzJyNVFtVG5jTkpHU2ljdjNVOFFZRlE5b2VUelNkZEp6emRvbnMyOEUxQzY1dzdiamlRbWRMWHNCb1o1aTJoaVRBRFRETVZNZDhEQXRpTWprNG5TVk02ODI1Z1o2WEUyUW1lWVk1cHY2aHJXUHJBWkw2bmdoTm1mQkJGeGUyaWNFUzVqODdqeTh4NVdDbQAB'], 'returnCode': 'ok', 'returnMessage': '', 'gasUsed': 18446743773714146454}
2024-06-09 00:11:00,266 - devnet_sc_proxy_trainer - INFO - {'cluster_adj_matrix_addr': 'QmSN3Gm3eAFzwpBwm3hT28AE7u1ytiiTwxQiK2U6NM72r5', 'dataset_addr': 'QmTncNJGSicv3U8QYFQ9oeTzSddJzzdons28E1C65w7bji', 'aggr_cluser_model_addr': 'QmdLXsBoZ5i2hiTADTDMVMd8DAtiMjk4nSVM6825gZ6XE2', 'footprind_model_addr': 'QmeYY5pv6hrWPrAZL6nghNmfBBFxe2icES5j87jy8x5WCm', 'local_node_index': 1}
2024-06-09 00:11:00,360 - devnet_sc_proxy_trainer - INFO - >>>Performing immutable query to get_training_data...
2024-06-09 00:11:00,644 - devnet_sc_proxy_trainer - INFO - {'returnData': ['UW1TTjNHbTNlQUZ6d3BCd20zaFQyOEFFN3UxeXRpaVR3eFFpSzJVNk5NNzJyNVFtZHNyc3YybjEyem5uYkxjTW50REJvYTZ3dHp4OGhmZENSb1hiendHQTIxa3JRbWRMWHNCb1o1aTJoaVRBRFRETVZNZDhEQXRpTWprNG5TVk02ODI1Z1o2WEUyUW1jVnZaRXJ5YlZmY1E4UVA0TXd1bm9ab2lVem1raFlERlhhVFhjUUs2eGl1dQAC'], 'returnCode': 'ok', 'returnMessage': '', 'gasUsed': 18446743773714208071}
2024-06-09 00:11:00,645 - devnet_sc_proxy_trainer - INFO - {'cluster_adj_matrix_addr': 'QmSN3Gm3eAFzwpBwm3hT28AE7u1ytiiTwxQiK2U6NM72r5', 'dataset_addr': 'Qmdsrsv2n12znnbLcMntDBoa6wtzx8hfdCRoXbzwGA21kr', 'aggr_cluser_model_addr': 'QmdLXsBoZ5i2hiTADTDMVMd8DAtiMjk4nSVM6825gZ6XE2', 'footprind_model_addr': 'QmcVvZErybVfcQ8QP4MwunoZoiUzmkhYDFXaTXcQK6xiuu', 'local_node_index': 2}
2024-06-09 00:11:00,736 - devnet_sc_proxy_trainer - INFO - >>>Performing immutable query to get_training_data...
2024-06-09 00:11:00,942 - devnet_sc_proxy_trainer - INFO - {'returnData': ['UW1TTjNHbTNlQUZ6d3BCd20zaFQyOEFFN3UxeXRpaVR3eFFpSzJVNk5NNzJyNVFtUlFMa2J5VGc3WnFha1M5WFJQbnF0bmJoZHNwVmdEc0dyZFF4VHZOdFR6WXBRbWRMWHNCb1o1aTJoaVRBRFRETVZNZDhEQXRpTWprNG5TVk02ODI1Z1o2WEUyUW1ia2pFOW81OTdWNkwzdXppeHlMS2l1WXlOekhOeGJzaUFUdFNjOWRmVlVucwAD'], 'returnCode': 'ok', 'returnMessage': '', 'gasUsed': 18446743773714381086}
2024-06-09 00:11:00,943 - devnet_sc_proxy_trainer - INFO - {'cluster_adj_matrix_addr': 'QmSN3Gm3eAFzwpBwm3hT28AE7u1ytiiTwxQiK2U6NM72r5', 'dataset_addr': 'QmRQLkbyTg7ZqakS9XRPnqtnbhdspVgDsGrdQxTvNtTzYp', 'aggr_cluser_model_addr': 'QmdLXsBoZ5i2hiTADTDMVMd8DAtiMjk4nSVM6825gZ6XE2', 'footprind_model_addr': 'QmbkjE9o597V6L3uzixyLKiuYyNzHNxbsiATtSc9dfVUns', 'local_node_index': 3}
2024-06-09 00:11:01,137 - devnet_sc_proxy_trainer - INFO - >>>Performing immutable query to get_all_nodes_per_cluster...
2024-06-09 00:11:01,529 - devnet_sc_proxy_trainer - INFO - {'returnData': ['AHsAAQB5AAIAjAAD'], 'returnCode': 'ok', 'returnMessage': '', 'gasUsed': 18446743773713139958}
2024-06-09 00:11:01,530 - devnet_sc_proxy_trainer - INFO - [{'global_node_index': 123, 'local_node_index': 1}, {'global_node_index': 121, 'local_node_index': 2}, {'global_node_index': 140, 'local_node_index': 3}]
2024-06-09 00:11:01,530 - devnet_sc_proxy_trainer - INFO - >>>Performing immutable query to get_round...
2024-06-09 00:11:01,857 - devnet_sc_proxy_trainer - INFO - {'returnData': ['AQ=='], 'returnCode': 'ok', 'returnMessage': '', 'gasUsed': 18446743773712652840}
2024-06-09 00:11:01,858 - devnet_sc_proxy_trainer - INFO - 1
2024-06-09 00:11:01,859 - devnet_sc_proxy_trainer - INFO - >>>Performing immutable query to get_all_round_files...
2024-06-09 00:11:02,097 - devnet_sc_proxy_trainer - INFO - {'returnData': ['UW1VMWNmMlJWc1d4MVVaNERabjFvOW1od0c1QXd1OVIyWlVGeVJEMzRSUTFqcQIAAAABUW1YdzhIb0dtdFI5ZkZvem9XeDJNNGhuaHdFZWlqRXBnUzlmRW9NSGRCRWFBUgUAAAABUW1VUEdUdm9hako1UGVxSG54c1p4b2pwMlJDdXpod0xBRjdEVmRva2gyNGtyVAIAAAABUW1OWEVnUjdOZ1JyR2RKTHRmVlYxN2N1SmRQcVlDZjNUUlhHa3A4UEVtczFFaAUAAAABUW1UWHVyazNZN1ZLb3VZNjNRVkhUUnVtbWh2c2hHYXUyTWtkakxuTWVtakVDWAIAAAABUW1ZMTVySk5tMWptbVhTNFRCZHFGY3hlcFRQR1d0N3M3cTRjNWl0MVVhU1h1eAUAAAABUW1URW1WelZ3eE1HZTVQUkdKRk5wcUFMZll1VnZvc3ExWVdhUWNZYWdEdEFCbQIAAAABUW1WbVYyU3E4eENNeHR1RzRlN3R4cU5LTndGNEpMUFlzMW1SclZMTWlCMkxpaAUAAAABUW1SOFhuMjZ0ZzNERnFGdnhqQlNMS0Z2TkVoZmtZNGlwUFY1aUZUdVRtakNIbwQAAAAB'], 'returnCode': 'ok', 'returnMessage': '', 'gasUsed': 18446743773717585737}
2024-06-09 00:11:02,098 - devnet_sc_proxy_trainer - INFO - [{'file_location': 'QmU1cf2RVsWx1UZ4DZn1o9mhwG5Awu9R2ZUFyRD34RQ1jq', 'file_type': 2, 'round': 1}, {'file_location': 'QmXw8HoGmtR9fFozoWx2M4hnhwEeijEpgS9fEoMHdBEaAR', 'file_type': 5, 'round': 1}, {'file_location': 'QmUPGTvoajJ5PeqHnxsZxojp2RCuzhwLAF7DVdokh24krT', 'file_type': 2, 'round': 1}, {'file_location': 'QmNXEgR7NgRrGdJLtfVV17cuJdPqYCf3TRXGkp8PEms1Eh', 'file_type': 5, 'round': 1}, {'file_location': 'QmTXurk3Y7VKouY63QVHTRummhvshGau2MkdjLnMemjECX', 'file_type': 2, 'round': 1}, {'file_location': 'QmY15rJNm1jmmXS4TBdqFcxepTPGWt7s7q4c5it1UaSXux', 'file_type': 5, 'round': 1}, {'file_location': 'QmTEmVzVwxMGe5PRGJFNpqALfYuVvosq1YWaQcYagDtABm', 'file_type': 2, 'round': 1}, {'file_location': 'QmVmV2Sq8xCMxtuG4e7txqNKNwF4JLPYs1mRrVLMiB2Lih', 'file_type': 5, 'round': 1}, {'file_location': 'QmR8Xn26tg3DFqFvxjBSLKFvNEhfkY4ipPV5iFTuTmjCHo', 'file_type': 4, 'round': 1}]
2024-06-09 00:11:02,099 - devnet_sc_proxy_trainer - INFO - >>>Performing immutable query to get_file_cluster_node...
2024-06-09 00:11:02,339 - devnet_sc_proxy_trainer - INFO - {'returnData': ['Jw8AFQ=='], 'returnCode': 'ok', 'returnMessage': '', 'gasUsed': 18446743773712688236}
2024-06-09 00:11:02,339 - devnet_sc_proxy_trainer - INFO - {'global_node_index': 9999, 'cluster_index': 21}
2024-06-09 00:11:02,366 - devnet_sc_proxy_trainer - INFO - >>>Performing immutable query to get_training_data...
2024-06-09 00:11:02,562 - devnet_sc_proxy_trainer - INFO - {'returnData': ['UW1TTjNHbTNlQUZ6d3BCd20zaFQyOEFFN3UxeXRpaVR3eFFpSzJVNk5NNzJyNVFtVG5jTkpHU2ljdjNVOFFZRlE5b2VUelNkZEp6emRvbnMyOEUxQzY1dzdiamlRbWRMWHNCb1o1aTJoaVRBRFRETVZNZDhEQXRpTWprNG5TVk02ODI1Z1o2WEUyUW1lWVk1cHY2aHJXUHJBWkw2bmdoTm1mQkJGeGUyaWNFUzVqODdqeTh4NVdDbQAB'], 'returnCode': 'ok', 'returnMessage': '', 'gasUsed': 18446743773714146454}
2024-06-09 00:11:02,563 - devnet_sc_proxy_trainer - INFO - {'cluster_adj_matrix_addr': 'QmSN3Gm3eAFzwpBwm3hT28AE7u1ytiiTwxQiK2U6NM72r5', 'dataset_addr': 'QmTncNJGSicv3U8QYFQ9oeTzSddJzzdons28E1C65w7bji', 'aggr_cluser_model_addr': 'QmdLXsBoZ5i2hiTADTDMVMd8DAtiMjk4nSVM6825gZ6XE2', 'footprind_model_addr': 'QmeYY5pv6hrWPrAZL6nghNmfBBFxe2icES5j87jy8x5WCm', 'local_node_index': 1}
2024-06-09 00:12:39,448 - devnet_sc_proxy_trainer - INFO - >>>Performing immutable query to get_all_nodes_per_cluster...
2024-06-09 00:12:39,650 - devnet_sc_proxy_trainer - INFO - {'returnData': ['AHsAAQB5AAIAjAAD'], 'returnCode': 'ok', 'returnMessage': '', 'gasUsed': 18446743773713139958}
2024-06-09 00:12:39,650 - devnet_sc_proxy_trainer - INFO - [{'global_node_index': 123, 'local_node_index': 1}, {'global_node_index': 121, 'local_node_index': 2}, {'global_node_index': 140, 'local_node_index': 3}]
2024-06-09 00:12:39,651 - devnet_sc_proxy_trainer - INFO - >>>Performing immutable query to get_training_data...
2024-06-09 00:12:39,880 - devnet_sc_proxy_trainer - INFO - {'returnData': ['UW1TTjNHbTNlQUZ6d3BCd20zaFQyOEFFN3UxeXRpaVR3eFFpSzJVNk5NNzJyNVFtVG5jTkpHU2ljdjNVOFFZRlE5b2VUelNkZEp6emRvbnMyOEUxQzY1dzdiamlRbWRMWHNCb1o1aTJoaVRBRFRETVZNZDhEQXRpTWprNG5TVk02ODI1Z1o2WEUyUW1lWVk1cHY2aHJXUHJBWkw2bmdoTm1mQkJGeGUyaWNFUzVqODdqeTh4NVdDbQAB'], 'returnCode': 'ok', 'returnMessage': '', 'gasUsed': 18446743773714146454}
2024-06-09 00:12:39,881 - devnet_sc_proxy_trainer - INFO - {'cluster_adj_matrix_addr': 'QmSN3Gm3eAFzwpBwm3hT28AE7u1ytiiTwxQiK2U6NM72r5', 'dataset_addr': 'QmTncNJGSicv3U8QYFQ9oeTzSddJzzdons28E1C65w7bji', 'aggr_cluser_model_addr': 'QmdLXsBoZ5i2hiTADTDMVMd8DAtiMjk4nSVM6825gZ6XE2', 'footprind_model_addr': 'QmeYY5pv6hrWPrAZL6nghNmfBBFxe2icES5j87jy8x5WCm', 'local_node_index': 1}
2024-06-09 00:12:39,941 - devnet_sc_proxy_trainer - INFO - >>>Performing immutable query to get_training_data...
2024-06-09 00:12:40,116 - devnet_sc_proxy_trainer - INFO - {'returnData': ['UW1TTjNHbTNlQUZ6d3BCd20zaFQyOEFFN3UxeXRpaVR3eFFpSzJVNk5NNzJyNVFtZHNyc3YybjEyem5uYkxjTW50REJvYTZ3dHp4OGhmZENSb1hiendHQTIxa3JRbWRMWHNCb1o1aTJoaVRBRFRETVZNZDhEQXRpTWprNG5TVk02ODI1Z1o2WEUyUW1jVnZaRXJ5YlZmY1E4UVA0TXd1bm9ab2lVem1raFlERlhhVFhjUUs2eGl1dQAC'], 'returnCode': 'ok', 'returnMessage': '', 'gasUsed': 18446743773714208071}
2024-06-09 00:12:40,118 - devnet_sc_proxy_trainer - INFO - {'cluster_adj_matrix_addr': 'QmSN3Gm3eAFzwpBwm3hT28AE7u1ytiiTwxQiK2U6NM72r5', 'dataset_addr': 'Qmdsrsv2n12znnbLcMntDBoa6wtzx8hfdCRoXbzwGA21kr', 'aggr_cluser_model_addr': 'QmdLXsBoZ5i2hiTADTDMVMd8DAtiMjk4nSVM6825gZ6XE2', 'footprind_model_addr': 'QmcVvZErybVfcQ8QP4MwunoZoiUzmkhYDFXaTXcQK6xiuu', 'local_node_index': 2}
2024-06-09 00:12:40,177 - devnet_sc_proxy_trainer - INFO - >>>Performing immutable query to get_training_data...
2024-06-09 00:12:40,364 - devnet_sc_proxy_trainer - INFO - {'returnData': ['UW1TTjNHbTNlQUZ6d3BCd20zaFQyOEFFN3UxeXRpaVR3eFFpSzJVNk5NNzJyNVFtUlFMa2J5VGc3WnFha1M5WFJQbnF0bmJoZHNwVmdEc0dyZFF4VHZOdFR6WXBRbWRMWHNCb1o1aTJoaVRBRFRETVZNZDhEQXRpTWprNG5TVk02ODI1Z1o2WEUyUW1ia2pFOW81OTdWNkwzdXppeHlMS2l1WXlOekhOeGJzaUFUdFNjOWRmVlVucwAD'], 'returnCode': 'ok', 'returnMessage': '', 'gasUsed': 18446743773714381086}
2024-06-09 00:12:40,365 - devnet_sc_proxy_trainer - INFO - {'cluster_adj_matrix_addr': 'QmSN3Gm3eAFzwpBwm3hT28AE7u1ytiiTwxQiK2U6NM72r5', 'dataset_addr': 'QmRQLkbyTg7ZqakS9XRPnqtnbhdspVgDsGrdQxTvNtTzYp', 'aggr_cluser_model_addr': 'QmdLXsBoZ5i2hiTADTDMVMd8DAtiMjk4nSVM6825gZ6XE2', 'footprind_model_addr': 'QmbkjE9o597V6L3uzixyLKiuYyNzHNxbsiATtSc9dfVUns', 'local_node_index': 3}
2024-06-09 00:12:40,503 - devnet_sc_proxy_trainer - INFO - >>>Performing immutable query to get_all_nodes_per_cluster...
2024-06-09 00:12:40,654 - devnet_sc_proxy_trainer - INFO - {'returnData': ['AHsAAQB5AAIAjAAD'], 'returnCode': 'ok', 'returnMessage': '', 'gasUsed': 18446743773713139958}
2024-06-09 00:12:40,655 - devnet_sc_proxy_trainer - INFO - [{'global_node_index': 123, 'local_node_index': 1}, {'global_node_index': 121, 'local_node_index': 2}, {'global_node_index': 140, 'local_node_index': 3}]
2024-06-09 00:12:40,656 - devnet_sc_proxy_trainer - INFO - >>>Performing immutable query to get_round...
2024-06-09 00:12:40,905 - devnet_sc_proxy_trainer - INFO - {'returnData': ['AQ=='], 'returnCode': 'ok', 'returnMessage': '', 'gasUsed': 18446743773712652840}
2024-06-09 00:12:40,906 - devnet_sc_proxy_trainer - INFO - 1
2024-06-09 00:12:40,907 - devnet_sc_proxy_trainer - INFO - >>>Performing immutable query to get_all_round_files...
2024-06-09 00:12:41,104 - devnet_sc_proxy_trainer - INFO - {'returnData': ['UW1VMWNmMlJWc1d4MVVaNERabjFvOW1od0c1QXd1OVIyWlVGeVJEMzRSUTFqcQIAAAABUW1YdzhIb0dtdFI5ZkZvem9XeDJNNGhuaHdFZWlqRXBnUzlmRW9NSGRCRWFBUgUAAAABUW1VUEdUdm9hako1UGVxSG54c1p4b2pwMlJDdXpod0xBRjdEVmRva2gyNGtyVAIAAAABUW1OWEVnUjdOZ1JyR2RKTHRmVlYxN2N1SmRQcVlDZjNUUlhHa3A4UEVtczFFaAUAAAABUW1UWHVyazNZN1ZLb3VZNjNRVkhUUnVtbWh2c2hHYXUyTWtkakxuTWVtakVDWAIAAAABUW1ZMTVySk5tMWptbVhTNFRCZHFGY3hlcFRQR1d0N3M3cTRjNWl0MVVhU1h1eAUAAAABUW1URW1WelZ3eE1HZTVQUkdKRk5wcUFMZll1VnZvc3ExWVdhUWNZYWdEdEFCbQIAAAABUW1WbVYyU3E4eENNeHR1RzRlN3R4cU5LTndGNEpMUFlzMW1SclZMTWlCMkxpaAUAAAABUW1SOFhuMjZ0ZzNERnFGdnhqQlNMS0Z2TkVoZmtZNGlwUFY1aUZUdVRtakNIbwQAAAAB'], 'returnCode': 'ok', 'returnMessage': '', 'gasUsed': 18446743773717585737}
2024-06-09 00:12:41,106 - devnet_sc_proxy_trainer - INFO - [{'file_location': 'QmU1cf2RVsWx1UZ4DZn1o9mhwG5Awu9R2ZUFyRD34RQ1jq', 'file_type': 2, 'round': 1}, {'file_location': 'QmXw8HoGmtR9fFozoWx2M4hnhwEeijEpgS9fEoMHdBEaAR', 'file_type': 5, 'round': 1}, {'file_location': 'QmUPGTvoajJ5PeqHnxsZxojp2RCuzhwLAF7DVdokh24krT', 'file_type': 2, 'round': 1}, {'file_location': 'QmNXEgR7NgRrGdJLtfVV17cuJdPqYCf3TRXGkp8PEms1Eh', 'file_type': 5, 'round': 1}, {'file_location': 'QmTXurk3Y7VKouY63QVHTRummhvshGau2MkdjLnMemjECX', 'file_type': 2, 'round': 1}, {'file_location': 'QmY15rJNm1jmmXS4TBdqFcxepTPGWt7s7q4c5it1UaSXux', 'file_type': 5, 'round': 1}, {'file_location': 'QmTEmVzVwxMGe5PRGJFNpqALfYuVvosq1YWaQcYagDtABm', 'file_type': 2, 'round': 1}, {'file_location': 'QmVmV2Sq8xCMxtuG4e7txqNKNwF4JLPYs1mRrVLMiB2Lih', 'file_type': 5, 'round': 1}, {'file_location': 'QmR8Xn26tg3DFqFvxjBSLKFvNEhfkY4ipPV5iFTuTmjCHo', 'file_type': 4, 'round': 1}]
2024-06-09 00:12:41,107 - devnet_sc_proxy_trainer - INFO - >>>Performing immutable query to get_file_cluster_node...
2024-06-09 00:12:41,308 - devnet_sc_proxy_trainer - INFO - {'returnData': ['Jw8AFQ=='], 'returnCode': 'ok', 'returnMessage': '', 'gasUsed': 18446743773712688236}
2024-06-09 00:12:41,309 - devnet_sc_proxy_trainer - INFO - {'global_node_index': 9999, 'cluster_index': 21}
2024-06-09 00:12:41,333 - devnet_sc_proxy_trainer - INFO - >>>Performing immutable query to get_training_data...
2024-06-09 00:12:41,514 - devnet_sc_proxy_trainer - INFO - {'returnData': ['UW1TTjNHbTNlQUZ6d3BCd20zaFQyOEFFN3UxeXRpaVR3eFFpSzJVNk5NNzJyNVFtVG5jTkpHU2ljdjNVOFFZRlE5b2VUelNkZEp6emRvbnMyOEUxQzY1dzdiamlRbWRMWHNCb1o1aTJoaVRBRFRETVZNZDhEQXRpTWprNG5TVk02ODI1Z1o2WEUyUW1lWVk1cHY2aHJXUHJBWkw2bmdoTm1mQkJGeGUyaWNFUzVqODdqeTh4NVdDbQAB'], 'returnCode': 'ok', 'returnMessage': '', 'gasUsed': 18446743773714146454}
2024-06-09 00:12:41,515 - devnet_sc_proxy_trainer - INFO - {'cluster_adj_matrix_addr': 'QmSN3Gm3eAFzwpBwm3hT28AE7u1ytiiTwxQiK2U6NM72r5', 'dataset_addr': 'QmTncNJGSicv3U8QYFQ9oeTzSddJzzdons28E1C65w7bji', 'aggr_cluser_model_addr': 'QmdLXsBoZ5i2hiTADTDMVMd8DAtiMjk4nSVM6825gZ6XE2', 'footprind_model_addr': 'QmeYY5pv6hrWPrAZL6nghNmfBBFxe2icES5j87jy8x5WCm', 'local_node_index': 1}
2024-06-09 00:46:48,448 - __main__ - INFO - >>>Performing mutable call to clear_all_round_files for user address: erd1rxufcd8sn9t2k5cavngu60qeeytkuxymajdarnyq5f8enh850wpq8at8xu...
2024-06-09 00:46:48,646 - __main__ - INFO - >>>Transaction hash: 5d398d938d18cf6e9db7513a475c6f6878ed2e82a47393f07d3d87ca5ac805d7
2024-06-09 00:47:13,204 - __main__ - INFO - >>>Performing mutable call to set_round for user address: erd1rxufcd8sn9t2k5cavngu60qeeytkuxymajdarnyq5f8enh850wpq8at8xu...
2024-06-09 00:47:13,408 - __main__ - INFO - >>>Transaction hash: be304e7e492440f22a25a541218ad90fbe3a43251302ffd38f510a70e256a371
2024-06-09 00:47:24,819 - pika.adapters.utils.connection_workflow - INFO - Pika version 1.3.2 connecting to ('127.0.0.1', 5672)
2024-06-09 00:47:24,820 - pika.adapters.utils.io_services_utils - INFO - Socket connected: <socket.socket fd=10, family=AddressFamily.AF_INET, type=SocketKind.SOCK_STREAM, proto=6, laddr=('127.0.0.1', 55106), raddr=('127.0.0.1', 5672)>
2024-06-09 00:47:24,821 - pika.adapters.utils.connection_workflow - INFO - Streaming transport linked up: (<pika.adapters.utils.io_services_utils._AsyncPlaintextTransport object at 0x7c24b0e33ee0>, _StreamingProtocolShim: <SelectConnection PROTOCOL transport=<pika.adapters.utils.io_services_utils._AsyncPlaintextTransport object at 0x7c24b0e33ee0> params=<ConnectionParameters host=localhost port=5672 virtual_host=/ ssl=False>>).
2024-06-09 00:47:24,825 - pika.adapters.utils.connection_workflow - INFO - AMQPConnector - reporting success: <SelectConnection OPEN transport=<pika.adapters.utils.io_services_utils._AsyncPlaintextTransport object at 0x7c24b0e33ee0> params=<ConnectionParameters host=localhost port=5672 virtual_host=/ ssl=False>>
2024-06-09 00:47:24,825 - pika.adapters.utils.connection_workflow - INFO - AMQPConnectionWorkflow - reporting success: <SelectConnection OPEN transport=<pika.adapters.utils.io_services_utils._AsyncPlaintextTransport object at 0x7c24b0e33ee0> params=<ConnectionParameters host=localhost port=5672 virtual_host=/ ssl=False>>
2024-06-09 00:47:24,826 - pika.adapters.blocking_connection - INFO - Connection workflow succeeded: <SelectConnection OPEN transport=<pika.adapters.utils.io_services_utils._AsyncPlaintextTransport object at 0x7c24b0e33ee0> params=<ConnectionParameters host=localhost port=5672 virtual_host=/ ssl=False>>
2024-06-09 00:47:24,826 - pika.adapters.blocking_connection - INFO - Created channel=1
2024-06-09 00:47:29,296 - pika.adapters.utils.connection_workflow - INFO - Pika version 1.3.2 connecting to ('127.0.0.1', 5672)
2024-06-09 00:47:29,296 - pika.adapters.utils.io_services_utils - INFO - Socket connected: <socket.socket fd=10, family=AddressFamily.AF_INET, type=SocketKind.SOCK_STREAM, proto=6, laddr=('127.0.0.1', 55114), raddr=('127.0.0.1', 5672)>
2024-06-09 00:47:29,297 - pika.adapters.utils.connection_workflow - INFO - Streaming transport linked up: (<pika.adapters.utils.io_services_utils._AsyncPlaintextTransport object at 0x7bab3139a410>, _StreamingProtocolShim: <SelectConnection PROTOCOL transport=<pika.adapters.utils.io_services_utils._AsyncPlaintextTransport object at 0x7bab3139a410> params=<ConnectionParameters host=localhost port=5672 virtual_host=/ ssl=False>>).
2024-06-09 00:47:29,300 - pika.adapters.utils.connection_workflow - INFO - AMQPConnector - reporting success: <SelectConnection OPEN transport=<pika.adapters.utils.io_services_utils._AsyncPlaintextTransport object at 0x7bab3139a410> params=<ConnectionParameters host=localhost port=5672 virtual_host=/ ssl=False>>
2024-06-09 00:47:29,300 - pika.adapters.utils.connection_workflow - INFO - AMQPConnectionWorkflow - reporting success: <SelectConnection OPEN transport=<pika.adapters.utils.io_services_utils._AsyncPlaintextTransport object at 0x7bab3139a410> params=<ConnectionParameters host=localhost port=5672 virtual_host=/ ssl=False>>
2024-06-09 00:47:29,300 - pika.adapters.blocking_connection - INFO - Connection workflow succeeded: <SelectConnection OPEN transport=<pika.adapters.utils.io_services_utils._AsyncPlaintextTransport object at 0x7bab3139a410> params=<ConnectionParameters host=localhost port=5672 virtual_host=/ ssl=False>>
2024-06-09 00:47:29,300 - pika.adapters.blocking_connection - INFO - Created channel=1
2024-06-09 00:47:40,829 - pika.adapters.utils.connection_workflow - INFO - Pika version 1.3.2 connecting to ('127.0.0.1', 5672)
2024-06-09 00:47:40,830 - pika.adapters.utils.io_services_utils - INFO - Socket connected: <socket.socket fd=10, family=AddressFamily.AF_INET, type=SocketKind.SOCK_STREAM, proto=6, laddr=('127.0.0.1', 43274), raddr=('127.0.0.1', 5672)>
2024-06-09 00:47:40,832 - pika.adapters.utils.connection_workflow - INFO - Streaming transport linked up: (<pika.adapters.utils.io_services_utils._AsyncPlaintextTransport object at 0x740080b582b0>, _StreamingProtocolShim: <SelectConnection PROTOCOL transport=<pika.adapters.utils.io_services_utils._AsyncPlaintextTransport object at 0x740080b582b0> params=<ConnectionParameters host=localhost port=5672 virtual_host=/ ssl=False>>).
2024-06-09 00:47:40,835 - pika.adapters.utils.connection_workflow - INFO - AMQPConnector - reporting success: <SelectConnection OPEN transport=<pika.adapters.utils.io_services_utils._AsyncPlaintextTransport object at 0x740080b582b0> params=<ConnectionParameters host=localhost port=5672 virtual_host=/ ssl=False>>
2024-06-09 00:47:40,835 - pika.adapters.utils.connection_workflow - INFO - AMQPConnectionWorkflow - reporting success: <SelectConnection OPEN transport=<pika.adapters.utils.io_services_utils._AsyncPlaintextTransport object at 0x740080b582b0> params=<ConnectionParameters host=localhost port=5672 virtual_host=/ ssl=False>>
2024-06-09 00:47:40,836 - pika.adapters.blocking_connection - INFO - Connection workflow succeeded: <SelectConnection OPEN transport=<pika.adapters.utils.io_services_utils._AsyncPlaintextTransport object at 0x740080b582b0> params=<ConnectionParameters host=localhost port=5672 virtual_host=/ ssl=False>>
2024-06-09 00:47:40,836 - pika.adapters.blocking_connection - INFO - Created channel=1
2024-06-09 00:48:56,552 - __main__ - INFO - >>>Performing mutable call to set_stage for user address: erd1rxufcd8sn9t2k5cavngu60qeeytkuxymajdarnyq5f8enh850wpq8at8xu...
2024-06-09 00:48:56,769 - __main__ - INFO - >>>Transaction hash: 9f40f38ce7dfea0833c8b02e0b040888c6093e2e9f9e6ca8847d8ecb82cf36a1
2024-06-09 00:48:56,984 - __main__ - INFO - >>>Performing mutable call to test_event for user address: erd1rxufcd8sn9t2k5cavngu60qeeytkuxymajdarnyq5f8enh850wpq8at8xu...
2024-06-09 00:48:57,174 - __main__ - INFO - >>>Transaction hash: 0387f468389988cf085edd6b3e6dace0875faaaffc6d2fef166149a9339c0e51
2024-06-09 00:51:27,801 - pika.adapters.utils.connection_workflow - INFO - Pika version 1.3.2 connecting to ('127.0.0.1', 5672)
2024-06-09 00:51:27,802 - pika.adapters.utils.io_services_utils - INFO - Socket connected: <socket.socket fd=10, family=AddressFamily.AF_INET, type=SocketKind.SOCK_STREAM, proto=6, laddr=('127.0.0.1', 54378), raddr=('127.0.0.1', 5672)>
2024-06-09 00:51:27,804 - pika.adapters.utils.connection_workflow - INFO - Streaming transport linked up: (<pika.adapters.utils.io_services_utils._AsyncPlaintextTransport object at 0x7ad1cf154520>, _StreamingProtocolShim: <SelectConnection PROTOCOL transport=<pika.adapters.utils.io_services_utils._AsyncPlaintextTransport object at 0x7ad1cf154520> params=<ConnectionParameters host=localhost port=5672 virtual_host=/ ssl=False>>).
2024-06-09 00:51:27,808 - pika.adapters.utils.connection_workflow - INFO - Pika version 1.3.2 connecting to ('127.0.0.1', 5672)
2024-06-09 00:51:27,809 - pika.adapters.utils.io_services_utils - INFO - Socket connected: <socket.socket fd=12, family=AddressFamily.AF_INET, type=SocketKind.SOCK_STREAM, proto=6, laddr=('127.0.0.1', 54390), raddr=('127.0.0.1', 5672)>
2024-06-09 00:51:27,811 - pika.adapters.utils.connection_workflow - INFO - Streaming transport linked up: (<pika.adapters.utils.io_services_utils._AsyncPlaintextTransport object at 0x7ad1cf1545e0>, _StreamingProtocolShim: <SelectConnection PROTOCOL transport=<pika.adapters.utils.io_services_utils._AsyncPlaintextTransport object at 0x7ad1cf1545e0> params=<ConnectionParameters host=localhost port=5672 virtual_host=/ ssl=False>>).
2024-06-09 00:51:27,814 - pika.adapters.utils.connection_workflow - INFO - AMQPConnector - reporting success: <SelectConnection OPEN transport=<pika.adapters.utils.io_services_utils._AsyncPlaintextTransport object at 0x7ad1cf154520> params=<ConnectionParameters host=localhost port=5672 virtual_host=/ ssl=False>>
2024-06-09 00:51:27,815 - pika.adapters.utils.connection_workflow - INFO - AMQPConnectionWorkflow - reporting success: <SelectConnection OPEN transport=<pika.adapters.utils.io_services_utils._AsyncPlaintextTransport object at 0x7ad1cf154520> params=<ConnectionParameters host=localhost port=5672 virtual_host=/ ssl=False>>
2024-06-09 00:51:27,815 - pika.adapters.blocking_connection - INFO - Connection workflow succeeded: <SelectConnection OPEN transport=<pika.adapters.utils.io_services_utils._AsyncPlaintextTransport object at 0x7ad1cf154520> params=<ConnectionParameters host=localhost port=5672 virtual_host=/ ssl=False>>
2024-06-09 00:51:27,815 - pika.adapters.utils.connection_workflow - INFO - AMQPConnector - reporting success: <SelectConnection OPEN transport=<pika.adapters.utils.io_services_utils._AsyncPlaintextTransport object at 0x7ad1cf1545e0> params=<ConnectionParameters host=localhost port=5672 virtual_host=/ ssl=False>>
2024-06-09 00:51:27,815 - pika.adapters.blocking_connection - INFO - Created channel=1
2024-06-09 00:51:27,816 - pika.adapters.utils.connection_workflow - INFO - AMQPConnectionWorkflow - reporting success: <SelectConnection OPEN transport=<pika.adapters.utils.io_services_utils._AsyncPlaintextTransport object at 0x7ad1cf1545e0> params=<ConnectionParameters host=localhost port=5672 virtual_host=/ ssl=False>>
2024-06-09 00:51:27,816 - pika.adapters.blocking_connection - INFO - Connection workflow succeeded: <SelectConnection OPEN transport=<pika.adapters.utils.io_services_utils._AsyncPlaintextTransport object at 0x7ad1cf1545e0> params=<ConnectionParameters host=localhost port=5672 virtual_host=/ ssl=False>>
2024-06-09 00:51:27,817 - pika.adapters.blocking_connection - INFO - Created channel=1
2024-06-09 00:51:27,817 - pika.adapters.utils.connection_workflow - INFO - Pika version 1.3.2 connecting to ('127.0.0.1', 5672)
2024-06-09 00:51:27,818 - pika.adapters.utils.io_services_utils - INFO - Socket connected: <socket.socket fd=14, family=AddressFamily.AF_INET, type=SocketKind.SOCK_STREAM, proto=6, laddr=('127.0.0.1', 54396), raddr=('127.0.0.1', 5672)>
2024-06-09 00:51:27,820 - pika.adapters.utils.connection_workflow - INFO - Streaming transport linked up: (<pika.adapters.utils.io_services_utils._AsyncPlaintextTransport object at 0x7ad1cf1546a0>, _StreamingProtocolShim: <SelectConnection PROTOCOL transport=<pika.adapters.utils.io_services_utils._AsyncPlaintextTransport object at 0x7ad1cf1546a0> params=<ConnectionParameters host=localhost port=5672 virtual_host=/ ssl=False>>).
2024-06-09 00:51:27,824 - pika.adapters.utils.connection_workflow - INFO - AMQPConnector - reporting success: <SelectConnection OPEN transport=<pika.adapters.utils.io_services_utils._AsyncPlaintextTransport object at 0x7ad1cf1546a0> params=<ConnectionParameters host=localhost port=5672 virtual_host=/ ssl=False>>
2024-06-09 00:51:27,824 - pika.adapters.utils.connection_workflow - INFO - AMQPConnectionWorkflow - reporting success: <SelectConnection OPEN transport=<pika.adapters.utils.io_services_utils._AsyncPlaintextTransport object at 0x7ad1cf1546a0> params=<ConnectionParameters host=localhost port=5672 virtual_host=/ ssl=False>>
2024-06-09 00:51:27,824 - pika.adapters.blocking_connection - INFO - Connection workflow succeeded: <SelectConnection OPEN transport=<pika.adapters.utils.io_services_utils._AsyncPlaintextTransport object at 0x7ad1cf1546a0> params=<ConnectionParameters host=localhost port=5672 virtual_host=/ ssl=False>>
2024-06-09 00:51:27,825 - pika.adapters.blocking_connection - INFO - Created channel=1
2024-06-09 00:51:38,473 - __main__ - INFO - >>>Performing mutable call to test_event for user address: erd1rxufcd8sn9t2k5cavngu60qeeytkuxymajdarnyq5f8enh850wpq8at8xu...
2024-06-09 00:51:38,692 - __main__ - INFO - >>>Transaction hash: 1c9e6b95cb52dfc4ff2eb1c65ae639245ef81718d61de6c71488878fd9cd789c
2024-06-09 00:51:49,701 - devnet_sc_proxy_trainer - INFO - >>>Performing immutable query to get_round...
2024-06-09 00:51:49,702 - devnet_sc_proxy_trainer - INFO - >>>Performing immutable query to get_round...
2024-06-09 00:51:49,702 - devnet_sc_proxy_trainer - INFO - >>>Performing immutable query to get_round...
2024-06-09 00:51:49,873 - devnet_sc_proxy_trainer - INFO - {'returnData': ['AQ=='], 'returnCode': 'ok', 'returnMessage': '', 'gasUsed': 18446743773712652840}
2024-06-09 00:51:49,875 - devnet_sc_proxy_trainer - INFO - 1
2024-06-09 00:51:49,879 - devnet_sc_proxy_trainer - INFO - {'returnData': ['AQ=='], 'returnCode': 'ok', 'returnMessage': '', 'gasUsed': 18446743773712652840}
2024-06-09 00:51:49,880 - devnet_sc_proxy_trainer - INFO - 1
2024-06-09 00:51:49,882 - devnet_sc_proxy_trainer - INFO - {'returnData': ['AQ=='], 'returnCode': 'ok', 'returnMessage': '', 'gasUsed': 18446743773712652840}
2024-06-09 00:51:49,883 - devnet_sc_proxy_trainer - INFO - 1
2024-06-09 00:51:49,885 - devnet_sc_proxy_trainer - INFO - >>>Performing immutable query to get_all_clusters_per_node...
2024-06-09 00:51:49,885 - devnet_sc_proxy_trainer - INFO - >>>Performing immutable query to get_all_clusters_per_node...
2024-06-09 00:51:49,885 - devnet_sc_proxy_trainer - INFO - >>>Performing immutable query to get_all_clusters_per_node...
2024-06-09 00:51:50,098 - devnet_sc_proxy_trainer - INFO - {'returnData': ['AAgAFQ=='], 'returnCode': 'ok', 'returnMessage': '', 'gasUsed': 18446743773713052982}
2024-06-09 00:51:50,099 - devnet_sc_proxy_trainer - INFO - [8, 21]
2024-06-09 00:51:50,100 - devnet_sc_proxy_trainer - INFO - >>>Performing immutable query to get_training_data...
2024-06-09 00:51:50,106 - devnet_sc_proxy_trainer - INFO - {'returnData': ['ABU='], 'returnCode': 'ok', 'returnMessage': '', 'gasUsed': 18446743773712842426}
2024-06-09 00:51:50,107 - devnet_sc_proxy_trainer - INFO - [21]
2024-06-09 00:51:50,108 - devnet_sc_proxy_trainer - INFO - >>>Performing immutable query to get_training_data...
2024-06-09 00:51:50,108 - devnet_sc_proxy_trainer - INFO - {'returnData': ['ABU='], 'returnCode': 'ok', 'returnMessage': '', 'gasUsed': 18446743773712842426}
2024-06-09 00:51:50,109 - devnet_sc_proxy_trainer - INFO - [21]
2024-06-09 00:51:50,110 - devnet_sc_proxy_trainer - INFO - >>>Performing immutable query to get_training_data...
2024-06-09 00:51:50,359 - devnet_sc_proxy_trainer - INFO - {'returnData': ['UW1TTjNHbTNlQUZ6d3BCd20zaFQyOEFFN3UxeXRpaVR3eFFpSzJVNk5NNzJyNVFtZHNyc3YybjEyem5uYkxjTW50REJvYTZ3dHp4OGhmZENSb1hiendHQTIxa3JRbWRMWHNCb1o1aTJoaVRBRFRETVZNZDhEQXRpTWprNG5TVk02ODI1Z1o2WEUyUW1jVnZaRXJ5YlZmY1E4UVA0TXd1bm9ab2lVem1raFlERlhhVFhjUUs2eGl1dQAC'], 'returnCode': 'ok', 'returnMessage': '', 'gasUsed': 18446743773714208071}
2024-06-09 00:51:50,361 - devnet_sc_proxy_trainer - INFO - {'cluster_adj_matrix_addr': 'QmSN3Gm3eAFzwpBwm3hT28AE7u1ytiiTwxQiK2U6NM72r5', 'dataset_addr': 'Qmdsrsv2n12znnbLcMntDBoa6wtzx8hfdCRoXbzwGA21kr', 'aggr_cluser_model_addr': 'QmdLXsBoZ5i2hiTADTDMVMd8DAtiMjk4nSVM6825gZ6XE2', 'footprind_model_addr': 'QmcVvZErybVfcQ8QP4MwunoZoiUzmkhYDFXaTXcQK6xiuu', 'local_node_index': 2}
2024-06-09 00:51:50,365 - devnet_sc_proxy_trainer - INFO - {'returnData': ['UW1TTjNHbTNlQUZ6d3BCd20zaFQyOEFFN3UxeXRpaVR3eFFpSzJVNk5NNzJyNVFtVG5jTkpHU2ljdjNVOFFZRlE5b2VUelNkZEp6emRvbnMyOEUxQzY1dzdiamlRbWRMWHNCb1o1aTJoaVRBRFRETVZNZDhEQXRpTWprNG5TVk02ODI1Z1o2WEUyUW1lWVk1cHY2aHJXUHJBWkw2bmdoTm1mQkJGeGUyaWNFUzVqODdqeTh4NVdDbQAB'], 'returnCode': 'ok', 'returnMessage': '', 'gasUsed': 18446743773714146454}
2024-06-09 00:51:50,367 - devnet_sc_proxy_trainer - INFO - {'cluster_adj_matrix_addr': 'QmSN3Gm3eAFzwpBwm3hT28AE7u1ytiiTwxQiK2U6NM72r5', 'dataset_addr': 'QmTncNJGSicv3U8QYFQ9oeTzSddJzzdons28E1C65w7bji', 'aggr_cluser_model_addr': 'QmdLXsBoZ5i2hiTADTDMVMd8DAtiMjk4nSVM6825gZ6XE2', 'footprind_model_addr': 'QmeYY5pv6hrWPrAZL6nghNmfBBFxe2icES5j87jy8x5WCm', 'local_node_index': 1}
2024-06-09 00:51:50,374 - devnet_sc_proxy_trainer - INFO - {'returnData': ['UW1kYXFlY0hpeDV3ajZiMzl6YVVQa0Z1UU5WSkRLa2dMTHpLOGs4S0puaGF6RlFtZHFTYUxjWmZEVWhOR215NDIyVjVab2VTWGZKN2RkMnpNa0x3a3FtUmZvYnJRbVF4NGtMbW50Zkt2Zk5ydFpHbnR5a3BwMjRUVVJtNWRpNVpFRmJReXBvU2V0UW1RNlNHdlZQOTNmYkhDa1lqa2NLa2dMZ2k2N1RncW9uQURDdndUenkyN3NpSgAB'], 'returnCode': 'ok', 'returnMessage': '', 'gasUsed': 18446743773714108404}
2024-06-09 00:51:50,376 - devnet_sc_proxy_trainer - INFO - {'cluster_adj_matrix_addr': 'QmdaqecHix5wj6b39zaUPkFuQNVJDKkgLLzK8k8KJnhazF', 'dataset_addr': 'QmdqSaLcZfDUhNGmy422V5ZoeSXfJ7dd2zMkLwkqmRfobr', 'aggr_cluser_model_addr': 'QmQx4kLmntfKvfNrtZGntykpp24TURm5di5ZEFbQypoSet', 'footprind_model_addr': 'QmQ6SGvVP93fbHCkYjkcKkgLgi67TgqonADCvwTzy27siJ', 'local_node_index': 1}
2024-06-09 00:53:03,684 - devnet_sc_proxy_trainer - INFO - >>>Performing mutable call to upload_footprint_model_file for user address: erd16vfnwctv8t7uydd28v4lh0w462xz7jzhlt537mlmpzxke84ktlvs6sgsz0...
2024-06-09 00:53:04,023 - devnet_sc_proxy_trainer - INFO - >>>Performing mutable call to upload_footprint_model_file for user address: erd1ctlgutg7jscej8vnyj7np06xn2a86xrllupp4z27pvmdy4u4xyfs80z3f6...
2024-06-09 00:53:04,059 - devnet_sc_proxy_trainer - ERROR - Error in the executing the transaction: Url = [https://devnet-api.multiversx.com/transactions], error = {'message': 'transaction generation failed: ed25519: invalid signature', 'error': 'Bad Request', 'statusCode': 400}
2024-06-09 00:53:04,584 - devnet_sc_proxy_trainer - ERROR - Error in the executing the transaction: Url = [https://devnet-api.multiversx.com/transactions], error = {'message': 'transaction generation failed: ed25519: invalid signature', 'error': 'Bad Request', 'statusCode': 400}
2024-06-09 00:53:04,586 - devnet_sc_proxy_trainer - INFO - >>>Performing mutable call to upload_candidate_model_file for user address: erd16vfnwctv8t7uydd28v4lh0w462xz7jzhlt537mlmpzxke84ktlvs6sgsz0...
2024-06-09 00:53:04,980 - devnet_sc_proxy_trainer - INFO - >>>Performing mutable call to upload_footprint_model_file for user address: erd1gsj5r64vtn4p5shxpm70jn258glspvgh6hpt3tcyratlk5dwgsfq6nyf38...
2024-06-09 00:53:05,153 - devnet_sc_proxy_trainer - INFO - >>>Performing mutable call to upload_candidate_model_file for user address: erd1ctlgutg7jscej8vnyj7np06xn2a86xrllupp4z27pvmdy4u4xyfs80z3f6...
2024-06-09 00:53:05,161 - devnet_sc_proxy_trainer - ERROR - Error in the executing the transaction: Url = [https://devnet-api.multiversx.com/transactions], error = {'message': 'transaction generation failed: ed25519: invalid signature', 'error': 'Bad Request', 'statusCode': 400}
2024-06-09 00:53:05,573 - devnet_sc_proxy_trainer - ERROR - Error in the executing the transaction: Url = [https://devnet-api.multiversx.com/transactions], error = {'message': 'transaction generation failed: ed25519: invalid signature', 'error': 'Bad Request', 'statusCode': 400}
2024-06-09 00:53:05,743 - devnet_sc_proxy_trainer - ERROR - Error in the executing the transaction: Url = [https://devnet-api.multiversx.com/transactions], error = {'message': 'transaction generation failed: ed25519: invalid signature', 'error': 'Bad Request', 'statusCode': 400}
2024-06-09 00:53:05,744 - devnet_sc_proxy_trainer - INFO - >>>Performing immutable query to get_training_data...
2024-06-09 00:53:06,153 - devnet_sc_proxy_trainer - INFO - >>>Performing mutable call to upload_candidate_model_file for user address: erd1gsj5r64vtn4p5shxpm70jn258glspvgh6hpt3tcyratlk5dwgsfq6nyf38...
2024-06-09 00:53:06,343 - devnet_sc_proxy_trainer - INFO - {'returnData': ['UW1TTjNHbTNlQUZ6d3BCd20zaFQyOEFFN3UxeXRpaVR3eFFpSzJVNk5NNzJyNVFtUlFMa2J5VGc3WnFha1M5WFJQbnF0bmJoZHNwVmdEc0dyZFF4VHZOdFR6WXBRbWRMWHNCb1o1aTJoaVRBRFRETVZNZDhEQXRpTWprNG5TVk02ODI1Z1o2WEUyUW1ia2pFOW81OTdWNkwzdXppeHlMS2l1WXlOekhOeGJzaUFUdFNjOWRmVlVucwAD'], 'returnCode': 'ok', 'returnMessage': '', 'gasUsed': 18446743773714381086}
2024-06-09 00:53:06,343 - devnet_sc_proxy_trainer - INFO - {'cluster_adj_matrix_addr': 'QmSN3Gm3eAFzwpBwm3hT28AE7u1ytiiTwxQiK2U6NM72r5', 'dataset_addr': 'QmRQLkbyTg7ZqakS9XRPnqtnbhdspVgDsGrdQxTvNtTzYp', 'aggr_cluser_model_addr': 'QmdLXsBoZ5i2hiTADTDMVMd8DAtiMjk4nSVM6825gZ6XE2', 'footprind_model_addr': 'QmbkjE9o597V6L3uzixyLKiuYyNzHNxbsiATtSc9dfVUns', 'local_node_index': 3}
2024-06-09 00:53:06,729 - devnet_sc_proxy_trainer - ERROR - Error in the executing the transaction: Url = [https://devnet-api.multiversx.com/transactions], error = {'message': 'transaction generation failed: ed25519: invalid signature', 'error': 'Bad Request', 'statusCode': 400}
2024-06-09 00:55:59,872 - __main__ - INFO - >>>Performing mutable call to test_event for user address: erd1rxufcd8sn9t2k5cavngu60qeeytkuxymajdarnyq5f8enh850wpq8at8xu...
2024-06-09 00:56:00,129 - __main__ - INFO - >>>Transaction hash: 0b692d3c520275476919537afa40ab32ba094c201ac0d6ca4ed918a655fcea68
2024-06-09 00:56:36,017 - __main__ - INFO - >>>Performing mutable call to test_event for user address: erd1rxufcd8sn9t2k5cavngu60qeeytkuxymajdarnyq5f8enh850wpq8at8xu...
2024-06-09 00:56:36,233 - __main__ - INFO - >>>Transaction hash: b081aad2814742a2f3c0543b38985e625e60dc5f4913850b0b4c61e9b6566df3
2024-06-09 00:59:34,324 - __main__ - INFO - >>>Performing mutable call to test_event for user address: erd1rxufcd8sn9t2k5cavngu60qeeytkuxymajdarnyq5f8enh850wpq8at8xu...
2024-06-09 00:59:34,550 - __main__ - INFO - >>>Transaction hash: 5f1c85890a7cf3a12fb66634a4649c53e643a5fb9284fcb7c0bb14d251df6cf5
2024-06-09 01:00:34,844 - __main__ - INFO - >>>Performing mutable call to test_event for user address: erd1rxufcd8sn9t2k5cavngu60qeeytkuxymajdarnyq5f8enh850wpq8at8xu...
2024-06-09 01:00:35,044 - __main__ - INFO - >>>Transaction hash: 0d178b6adabb806654e6ba2ff7a673342ab6a8610e9a58bf8c19ec3af58b2996
2024-06-09 01:03:16,136 - __main__ - INFO - >>>Performing mutable call to test_event for user address: erd1rxufcd8sn9t2k5cavngu60qeeytkuxymajdarnyq5f8enh850wpq8at8xu...
2024-06-09 01:03:16,301 - __main__ - INFO - >>>Transaction hash: ff72ef4ce2902c07f7debf5952ab04c6f8c50c1e73cc5a66061714b55866c43d
2024-06-09 01:04:31,884 - __main__ - INFO - >>>Performing mutable call to test_event for user address: erd1rxufcd8sn9t2k5cavngu60qeeytkuxymajdarnyq5f8enh850wpq8at8xu...
2024-06-09 01:04:32,097 - __main__ - INFO - >>>Transaction hash: bd07e197bb65b4897ce03b133b406e84b6c659b8d1c6773b6f71bb15cd2d32a4
2024-06-09 01:05:04,249 - __main__ - INFO - >>>Performing mutable call to test_event for user address: erd1rxufcd8sn9t2k5cavngu60qeeytkuxymajdarnyq5f8enh850wpq8at8xu...
2024-06-09 01:05:04,462 - __main__ - INFO - >>>Transaction hash: 6cce29d8a8bcbb9bdb8f7c5c471ca5406f4dc0fa4e6d147c07058ee3a491fbb5
2024-06-09 01:05:42,910 - __main__ - INFO - >>>Performing mutable call to test_event for user address: erd1rxufcd8sn9t2k5cavngu60qeeytkuxymajdarnyq5f8enh850wpq8at8xu...
2024-06-09 01:05:43,112 - __main__ - INFO - >>>Transaction hash: 596a63717ed3838a2ccc81e83e072fbb646174d67399efadf5d5f171bb4f9d41
2024-06-09 01:11:47,361 - __main__ - INFO - >>>Performing mutable call to set_stage for user address: erd1rxufcd8sn9t2k5cavngu60qeeytkuxymajdarnyq5f8enh850wpq8at8xu...
2024-06-09 01:11:47,630 - __main__ - INFO - >>>Transaction hash: 3a90a1e52ff2700fc5f3101c6960b7117327e251710a05cb5be2e1342545fe61
2024-06-09 01:16:03,637 - __main__ - INFO - >>>Performing mutable call to clear_all_round_files for user address: erd1rxufcd8sn9t2k5cavngu60qeeytkuxymajdarnyq5f8enh850wpq8at8xu...
2024-06-09 01:16:04,046 - __main__ - INFO - >>>Transaction hash: d255dd34b5f72c37c2a468f0470db0669b5de7445edb1fe7e41dfe915b26a270
2024-06-09 01:16:04,463 - __main__ - INFO - >>>Performing mutable call to set_round for user address: erd1rxufcd8sn9t2k5cavngu60qeeytkuxymajdarnyq5f8enh850wpq8at8xu...
2024-06-09 01:16:04,771 - __main__ - INFO - >>>Transaction hash: 4954f1c82ee355d3c1c5bae33fc651033c5e0a8a2341b81b2fcd737313e06c76
2024-06-09 01:16:04,922 - __main__ - INFO - >>>Performing mutable call to set_stage for user address: erd1rxufcd8sn9t2k5cavngu60qeeytkuxymajdarnyq5f8enh850wpq8at8xu...
2024-06-09 01:16:05,122 - __main__ - INFO - >>>Transaction hash: 3415543b670144b43b06ad56e34ec27ff493246ac08350c89459ce08c373e944
2024-06-09 01:16:05,386 - __main__ - INFO - >>>Performing mutable call to test_event for user address: erd1rxufcd8sn9t2k5cavngu60qeeytkuxymajdarnyq5f8enh850wpq8at8xu...
2024-06-09 01:16:05,580 - __main__ - INFO - >>>Transaction hash: cfb0a5238257583641499e06c88fcc72ff50fd68c098ef4b9c01564f8ebf659e
2024-06-09 02:02:24,318 - __main__ - INFO - >>>Performing mutable call to clear_all_round_files for user address: erd1rxufcd8sn9t2k5cavngu60qeeytkuxymajdarnyq5f8enh850wpq8at8xu...
2024-06-09 02:02:24,502 - __main__ - INFO - >>>Transaction hash: 84990e62fc3c2a74d4fcc764c1de5747d341a562d03679c8e0c340d1301a9107
2024-06-09 02:02:24,748 - __main__ - INFO - >>>Performing mutable call to set_round for user address: erd1rxufcd8sn9t2k5cavngu60qeeytkuxymajdarnyq5f8enh850wpq8at8xu...
2024-06-09 02:02:24,960 - __main__ - INFO - >>>Transaction hash: 0f3b177b05643315ad1b898039f921661ff23029573f78ef31cc715b97b38f51
2024-06-09 02:02:25,193 - __main__ - INFO - >>>Performing mutable call to set_stage for user address: erd1rxufcd8sn9t2k5cavngu60qeeytkuxymajdarnyq5f8enh850wpq8at8xu...
2024-06-09 02:02:25,395 - __main__ - INFO - >>>Transaction hash: 54a1eacf0d59387a0cfb0a7a9db4e6c5a0da16506c00634c3d8fb9c5102fe9fc
2024-06-09 02:02:25,603 - __main__ - INFO - >>>Performing mutable call to test_event for user address: erd1rxufcd8sn9t2k5cavngu60qeeytkuxymajdarnyq5f8enh850wpq8at8xu...
2024-06-09 02:02:25,850 - __main__ - INFO - >>>Transaction hash: 824c80f9c01789455b2f2275d0cc3cfde87d71b40a94e0de085b5c44d4b4e09d
2024-06-09 02:12:41,343 - __main__ - INFO - >>>Performing mutable call to clear_all_round_files for user address: erd1rxufcd8sn9t2k5cavngu60qeeytkuxymajdarnyq5f8enh850wpq8at8xu...
2024-06-09 02:12:41,530 - __main__ - INFO - >>>Transaction hash: c90f15deab8ac19346d4ee9756196af809e90ab99bd045176719c3199838fb25
2024-06-09 02:12:41,698 - __main__ - INFO - >>>Performing mutable call to set_round for user address: erd1rxufcd8sn9t2k5cavngu60qeeytkuxymajdarnyq5f8enh850wpq8at8xu...
2024-06-09 02:12:41,884 - __main__ - INFO - >>>Transaction hash: 3a1f68772d8e345740c27bb64e20231c30bcfc56c3bf4eb7d4f45a87d391df26
2024-06-09 02:12:42,069 - __main__ - INFO - >>>Performing mutable call to set_stage for user address: erd1rxufcd8sn9t2k5cavngu60qeeytkuxymajdarnyq5f8enh850wpq8at8xu...
2024-06-09 02:12:42,264 - __main__ - INFO - >>>Transaction hash: df1f955f2a8e2ec4e11803e865dffdba16d1f981927eff750281704df33f0f26
2024-06-09 02:12:42,510 - __main__ - INFO - >>>Performing mutable call to test_event for user address: erd1rxufcd8sn9t2k5cavngu60qeeytkuxymajdarnyq5f8enh850wpq8at8xu...
2024-06-09 02:12:42,698 - __main__ - INFO - >>>Transaction hash: aea42504eef3a2ceea29cd890fde6d6cf7a8f762a4563f059644138cf42238ad
2024-06-09 02:17:26,128 - __main__ - INFO - >>>Performing mutable call to clear_all_round_files for user address: erd1rxufcd8sn9t2k5cavngu60qeeytkuxymajdarnyq5f8enh850wpq8at8xu...
2024-06-09 02:17:26,515 - __main__ - INFO - >>>Transaction hash: d8c3e9942eaa4612aee62d676c72925c0ef58d3b8c6cfbce17b53c0ca3c9d44e
2024-06-09 02:17:26,804 - __main__ - INFO - >>>Performing mutable call to set_round for user address: erd1rxufcd8sn9t2k5cavngu60qeeytkuxymajdarnyq5f8enh850wpq8at8xu...
2024-06-09 02:17:27,035 - __main__ - INFO - >>>Transaction hash: b88e19098c918563a9c1feaabfd3f6a658048a9d0fb7ad70647e7790372a8335
2024-06-09 02:17:27,227 - __main__ - INFO - >>>Performing mutable call to set_stage for user address: erd1rxufcd8sn9t2k5cavngu60qeeytkuxymajdarnyq5f8enh850wpq8at8xu...
2024-06-09 02:17:27,436 - __main__ - INFO - >>>Transaction hash: c3a07851e8f2d68927ab6088858e5dc872cc22910c3ca2e922d72a44401ca39e
2024-06-09 02:17:27,685 - __main__ - INFO - >>>Performing mutable call to test_event for user address: erd1rxufcd8sn9t2k5cavngu60qeeytkuxymajdarnyq5f8enh850wpq8at8xu...
2024-06-09 02:17:27,885 - __main__ - INFO - >>>Transaction hash: 200cfb8acd143e932d707fe5f2fa303a27e14357a939f1c4f204bea26f3e0b5a
